Log file open, 08/09/16 13:42:05
LogInit:Display: Running engine for game: MyProject
LogPlatformFile: Not using cached read wrapper
LogInit:Display: RandInit(-983716687) SRandInit(-983716685).
LogTaskGraph: Started task graph with 4 named threads and 7 total threads with 1 sets of task threads.
LogStats: Stats thread started at 0.161416
LogInit: Version: 4.12.5-3039270+++UE4+Release-4.12
LogInit: API Version: 2992821
LogInit: Net Version: 3039270
LogDevObjectVersion: Number of dev versions registered: 13
LogDevObjectVersion:   Dev-Blueprints (B0D832E4-1F89-4F0D-ACCF-7EB736FD4AA2): 3
LogDevObjectVersion:   Dev-Build (E1C64328-A22C-4D53-A36C-8E866417BD8C): 0
LogDevObjectVersion:   Dev-Core (375EC13C-06E4-48FB-B500-84F0262A717E): 1
LogDevObjectVersion:   Dev-Editor (E4B068ED-F494-42E9-A231-DA0B2E46BB41): 2
LogDevObjectVersion:   Dev-Framework (CFFC743F-43B0-4480-9391-14DF171D2073): 6
LogDevObjectVersion:   Dev-Mobile (B02B49B5-BB20-44E9-A304-32B752E40360): 0
LogDevObjectVersion:   Dev-Networking (A4E4105C-59A1-49B5-A7C5-40C4547EDFEE): 0
LogDevObjectVersion:   Dev-Online (39C831C9-5AE6-47DC-9A44-9C173E1C8E7C): 0
LogDevObjectVersion:   Dev-Physics (78F01B33-EBEA-4F98-B9B4-84EACCB95AA2): 0
LogDevObjectVersion:   Dev-Platform (6631380F-2D4D-43E0-8009-CF276956A95A): 0
LogDevObjectVersion:   Dev-Rendering (12F88B9F-8875-4AFC-A67C-D90C383ABD29): 2
LogDevObjectVersion:   Dev-Sequencer (7B5AE74C-D270-4C10-A958-57980B212A5A): 0
LogDevObjectVersion:   Dev-VR (D7296918-1DD6-4BDD-9DE2-64A83CC13884): 0
LogInit: Compiled (64-bit): Jul  6 2016 09:09:46
LogInit: Compiled with Visual C++: 19.00.23026.00
LogInit: Build Configuration: Development
LogInit: Branch Name: ++UE4+Release-4.12
LogInit: Command line:  /Temp/Autosaves/Game/TwinStickBP/Maps/UEDPCTwinStickExampleMap -game -PIEVIACONSOLE -ResX=1280 -ResY=720  -Multiprocess -windowed -messaging -SessionName="Play in Standalone Game" -featureleveles2 -faketouches 
LogInit: Base directory: D:/Program Files/Epic Games/4.12/Engine/Binaries/Win64/
LogInit: Installed Engine Build: 1
LogInit: Using libcurl 7.41.0
LogInit:  - built for x86_64-pc-win32
LogInit:  - supports SSL with WinSSL
LogInit:  - other features:
LogInit:      CURL_VERSION_SSL
LogInit:      CURL_VERSION_IPV6
LogInit:      CURL_VERSION_ASYNCHDNS
LogInit:      CURL_VERSION_LARGEFILE
LogInit:      CURL_VERSION_IDN
LogInit:  CurlRequestOptions (configurable via config and command line):
LogInit:  - bVerifyPeer = true  - Libcurl will verify peer certificate
LogInit:  - bUseHttpProxy = false  - Libcurl will NOT use HTTP proxy
LogInit:  - bDontReuseConnections = false  - Libcurl will reuse connections
LogInit:  - CertBundlePath = nullptr  - Libcurl will use whatever was configured at build time.
LogInit: Presizing for max 8388607 objects, including 0 objects not considered by GC, pre-allocating 0 bytes for permanent pool.
LogInit: Object subsystem initialized
[2016.08.09-17.42.05:855][  0]LogInit: Selected Device Profile: [Windows]
[2016.08.09-17.42.05:855][  0]LogInit: Applying CVar settings loaded from the selected device profile: [Windows]
[2016.08.09-17.42.05:857][  0]LogInit: Computer: JASON-PC
[2016.08.09-17.42.05:857][  0]LogInit: User: Jason
[2016.08.09-17.42.05:857][  0]LogInit: CPU Page size=65536, Cores=4
[2016.08.09-17.42.05:857][  0]LogInit: High frequency timer resolution =3.906264 MHz
[2016.08.09-17.42.05:857][  0]LogMemory: Memory total: Physical=16.0GB (16GB approx)
[2016.08.09-17.42.05:857][  0]LogMemory: Platform Memory Stats for Windows
[2016.08.09-17.42.05:857][  0]LogMemory: Process Physical Memory: 188.39 MB used, 188.39 MB peak
[2016.08.09-17.42.05:857][  0]LogMemory: Process Virtual Memory: 195.02 MB used, 195.02 MB peak
[2016.08.09-17.42.05:857][  0]LogMemory: Physical Memory: 9699.52 MB used, 16335.64 MB total
[2016.08.09-17.42.05:857][  0]LogMemory: Virtual Memory: 554.23 MB used, 134217728.00 MB total
[2016.08.09-17.42.06:143][  0]LogTextLocalizationManager: No specific translations for ('en-US') exist, so ('en') translations will be used.
[2016.08.09-17.42.06:652][  0]LogD3D11RHI: D3D11 adapters:
[2016.08.09-17.42.06:671][  0]LogD3D11RHI:    0. 'NVIDIA GeForce GTX 980' (Feature Level 11_0)
[2016.08.09-17.42.06:671][  0]LogD3D11RHI:       4008/0/8167 MB DedicatedVideo/DedicatedSystem/SharedSystem, Outputs:1, VendorId:0x10de
[2016.08.09-17.42.06:672][  0]LogD3D11RHI:    1. 'Microsoft Basic Render Driver' (Feature Level 11_0)
[2016.08.09-17.42.06:672][  0]LogD3D11RHI:       0/0/8167 MB DedicatedVideo/DedicatedSystem/SharedSystem, Outputs:0, VendorId:0x1414
[2016.08.09-17.42.06:672][  0]LogD3D11RHI: Chosen D3D11 Adapter: 0
[2016.08.09-17.42.06:690][  0]LogD3D11RHI: Creating new Direct3DDevice
[2016.08.09-17.42.06:690][  0]LogD3D11RHI:     GPU DeviceId: 0x13c0 (for the marketing name, search the web for "GPU Device Id")
[2016.08.09-17.42.06:690][  0]LogWindows: EnumDisplayDevices:
[2016.08.09-17.42.06:690][  0]LogWindows:    0. 'NVIDIA GeForce GTX 980' (P:1 D:1)
[2016.08.09-17.42.06:690][  0]LogWindows:    1. 'NVIDIA GeForce GTX 980' (P:0 D:0)
[2016.08.09-17.42.06:690][  0]LogWindows:    2. 'NVIDIA GeForce GTX 980' (P:0 D:0)
[2016.08.09-17.42.06:690][  0]LogWindows:    3. 'NVIDIA GeForce GTX 980' (P:0 D:0)
[2016.08.09-17.42.06:690][  0]LogWindows: DebugString: FoundDriverCount:4 
[2016.08.09-17.42.06:690][  0]LogD3D11RHI:     Adapter Name: NVIDIA GeForce GTX 980
[2016.08.09-17.42.06:690][  0]LogD3D11RHI:   Driver Version: 368.39 (internal:10.18.13.6839, unified:368.39)
[2016.08.09-17.42.06:690][  0]LogD3D11RHI:      Driver Date: 6-2-2016
[2016.08.09-17.42.06:690][  0]LogRHI: Texture pool is 1361 MB (70% of 1945 MB)
[2016.08.09-17.42.06:703][  0]LogD3D11RHI: Async texture creation enabled
[2016.08.09-17.42.06:711][  0]LogD3D11RHI: GPU Timing Frequency: 1000.000000 (Debug: 2 1)
[2016.08.09-17.42.06:711][  0]LogShaderCompilers: Guid format shader working directory is -6 characters bigger than the processId version (C:/Users/Jason/Documents/Unreal Projects/MyProject/Intermediate/Shaders/WorkingDirectory/234824/).
[2016.08.09-17.42.06:711][  0]LogShaderCompilers: Cleaned the shader compiler working directory 'C:/Users/Jason/AppData/Local/Temp/UnrealShaderWorkingDir/28D03204459C369F73F7F980EA601F38/'.
[2016.08.09-17.42.06:711][  0]LogShaderCompilers:Display: Using Local Shader Compiler.
[2016.08.09-17.42.08:176][  0]LogTemp:Display: Loaded TP WindowsClientTargetPlatform
[2016.08.09-17.42.08:183][  0]LogTemp:Display: Loaded TP WindowsNoEditorTargetPlatform
[2016.08.09-17.42.08:189][  0]LogTemp:Display: Loaded TP WindowsServerTargetPlatform
[2016.08.09-17.42.08:196][  0]LogTemp:Display: Loaded TP WindowsTargetPlatform
[2016.08.09-17.42.08:196][  0]LogTargetPlatformManager:Display: Building Assets For Windows
[2016.08.09-17.42.08:500][  0]LogDerivedDataCache:Display: Max Cache Size: 512 MB
[2016.08.09-17.42.08:604][  0]LogDerivedDataCache: Loaded boot cache 0.10s 49MB C:/Users/Jason/AppData/Local/UnrealEngine/4.12/DerivedDataCache/Boot.ddc.
[2016.08.09-17.42.08:605][  0]LogDerivedDataCache:Display: Loaded Boot cache: C:/Users/Jason/AppData/Local/UnrealEngine/4.12/DerivedDataCache/Boot.ddc
[2016.08.09-17.42.08:605][  0]LogDerivedDataCache: FDerivedDataBackendGraph:  Pak pak cache file C:/Users/Jason/Documents/Unreal Projects/MyProject/DerivedDataCache/DDC.ddp not found, will not use a pak cache.
[2016.08.09-17.42.08:605][  0]LogDerivedDataCache: Unable to find inner node Pak for hierarchical cache Hierarchy.
[2016.08.09-17.42.08:605][  0]LogDerivedDataCache: FDerivedDataBackendGraph:  CompressedPak pak cache file C:/Users/Jason/Documents/Unreal Projects/MyProject/DerivedDataCache/Compressed.ddp not found, will not use a pak cache.
[2016.08.09-17.42.08:605][  0]LogDerivedDataCache: Unable to find inner node CompressedPak for hierarchical cache Hierarchy.
[2016.08.09-17.42.08:619][  0]LogDerivedDataCache:Display: Pak cache opened for reading ../../../Engine/DerivedDataCache/Compressed.ddp.
[2016.08.09-17.42.08:631][  0]LogDerivedDataCache: Using Local data cache path C:/Users/Jason/AppData/Local/UnrealEngine/Common/DerivedDataCache: Writable
[2016.08.09-17.42.14:924][  0]LogAssetRegistry: FAssetRegistry took 0.0001 seconds to start up
[2016.08.09-17.42.14:934][  0]LogPackageLocalizationCache: Processed 3 localized package path(s) for 2 prioritized culture(s) in 0.009828 seconds
[2016.08.09-17.42.14:939][  0]LogInit: Selected Device Profile: [Windows]
[2016.08.09-17.42.14:939][  0]LogContentStreaming: Texture pool size is 1000.00 MB
[2016.08.09-17.42.14:999][  0]LogMaterial: Missing cached shader map for material WorldGridMaterial, compiling. Is special engine material.
[2016.08.09-17.43.26:209][  0]LogMaterial: Missing cached shader map for material DefaultDeferredDecalMaterial, compiling. 
[2016.08.09-17.43.40:193][  0]LogMaterial: Missing cached shader map for material DefaultLightFunctionMaterial, compiling. 
[2016.08.09-17.43.40:361][  0]LogMaterial: Missing cached shader map for material DefaultPostProcessMaterial, compiling. 
[2016.08.09-17.43.40:795][  0]LogMaterial: Missing cached shader map for material Widget3DPassThrough, compiling. 
[2016.08.09-17.43.40:807][  0]LogMaterial: Missing cached shader map for material Widget3DPassThrough, compiling. 
[2016.08.09-17.43.40:812][  0]LogMaterial: Missing cached shader map for material Widget3DPassThrough, compiling. 
[2016.08.09-17.43.40:816][  0]LogMaterial: Missing cached shader map for material Widget3DPassThrough, compiling. 
[2016.08.09-17.43.40:825][  0]LogMaterial: Missing cached shader map for material Widget3DPassThrough, compiling. 
[2016.08.09-17.43.40:833][  0]LogMaterial: Missing cached shader map for material Widget3DPassThrough, compiling. 
[2016.08.09-17.43.40:883][  0]LogMeshUtilities: No automatic mesh reduction module available
[2016.08.09-17.43.40:883][  0]LogMeshUtilities: No automatic mesh merging module available
[2016.08.09-17.43.40:883][  0]LogMeshUtilities: No distributed automatic mesh merging module available
[2016.08.09-17.43.40:929][  0]LogMaterial: Missing cached shader map for material SkySphereMaterial, compiling. 
[2016.08.09-17.43.40:943][  0]LogMaterial: Missing cached shader map for material FloorPlaneMaterial, compiling. 
[2016.08.09-17.43.41:054][  0]LogMaterial: Missing cached shader map for material LandscapeGizmo_Mat, compiling. 
[2016.08.09-17.43.41:071][  0]LogMaterial: Missing cached shader map for material LandscapeGizmoHeight_Mat, compiling. 
[2016.08.09-17.43.41:127][  0]LogMaterial: Missing cached shader map for material SplineEditorMeshMat, compiling. 
[2016.08.09-17.43.41:139][  0]LogMaterial: Missing cached shader map for material MatineeCam_mat, compiling. 
[2016.08.09-17.43.41:178][  0]LogMaterial: Missing cached shader map for material HelpActorMaterial, compiling. 
[2016.08.09-17.43.41:282][  0]LogMaterial: Missing cached shader map for material DefaultTextMaterialOpaque, compiling. 
[2016.08.09-17.43.41:352][  0]LogMaterial: Missing cached shader map for material DefaultMaterial, compiling. 
[2016.08.09-17.43.41:506][  0]LogInit: WinSock: version 1.1 (2.2), MaxSocks=32767, MaxUdp=65467
[2016.08.09-17.43.41:919][  0]LogMaterial: Missing cached shader map for material CineMat, compiling. 
[2016.08.09-17.43.41:989][  0]LogMaterial: Missing cached shader map for material M_SimpleOpaque, compiling. 
[2016.08.09-17.43.42:027][  0]LogMaterial: Missing cached shader map for material M_SimpleTranslucent, compiling. 
[2016.08.09-17.43.42:371][  0]LogMaterial: Missing cached shader map for material TransformGizmoMaterial, compiling. 
[2016.08.09-17.43.42:377][  0]LogMaterial: Missing cached shader map for material TranslucentTransformGizmoMaterial, compiling. 
[2016.08.09-17.43.42:393][  0]LogMaterial: Missing cached shader map for material VRTextMaterial, compiling. 
[2016.08.09-17.43.42:402][  0]LogMaterial: Missing cached shader map for material LineMaterial, compiling. 
[2016.08.09-17.43.42:410][  0]LogMaterial: Missing cached shader map for material VRTextMaterial, compiling. 
[2016.08.09-17.43.42:420][  0]LogMaterial: Missing cached shader map for material M_ContentWindow, compiling. 
[2016.08.09-17.43.42:564][  0]LogSlate: SlateFontCache - WITH_FREETYPE: 1, WITH_HARFBUZZ: 1
[2016.08.09-17.43.42:565][  0]LogSlate: SlateFontCache - WITH_FREETYPE: 1, WITH_HARFBUZZ: 1
[2016.08.09-17.43.42:759][  0]LogMoviePlayer: Initializing movie player
[2016.08.09-17.43.43:041][  0]LogWindowsMoviePlayer: Unable to load movie: C:/Users/Jason/Documents/Unreal Projects/MyProject/Content/Movies/Default_Startup.mp4
[2016.08.09-17.43.43:112][  0]LogMaterial: Missing cached shader map for material DefaultSpriteMaterial, compiling. 
[2016.08.09-17.43.43:120][  0]LogMaterial: Missing cached shader map for material DefaultSpriteMaterial, compiling. 
[2016.08.09-17.43.43:262][  0]LogUdpMessaging: Initializing bridge on interface 0.0.0.0:0 to multicast group 230.0.0.1:6666.
[2016.08.09-17.43.43:392][  0]SourceControl: Info Source control is disabled
[2016.08.09-17.43.43:392][  0]SourceControl: Info Source control is disabled
[2016.08.09-17.43.43:447][  0]SourceControl: Info Source control is disabled
[2016.08.09-17.43.43:789][  0]LogUObjectArray: 30985 objects as part of root set at end of initial load.
[2016.08.09-17.43.43:789][  0]LogUObjectAllocator: 6717232 out of 0 bytes used by permanent object pool.
[2016.08.09-17.43.43:789][  0]LogUObjectArray: CloseDisregardForGC: 0/0 objects in disregard for GC pool
[2016.08.09-17.43.43:865][  0]LogMaterial: Missing cached shader map for material HighResScreenshot, compiling. 
[2016.08.09-17.43.43:870][  0]LogMaterial: Missing cached shader map for material HighResScreenshotMask, compiling. 
[2016.08.09-17.43.43:877][  0]LogMaterial: Missing cached shader map for material HighResScreenshotCaptureRegion, compiling. 
[2016.08.09-17.43.43:907][  0]LogEngine: Initializing Engine...
[2016.08.09-17.43.44:036][  0]LogHMD: SteamVR failed to initialize.  Err: 105
[2016.08.09-17.43.44:038][  0]LogHMD: SteamVR failed to initialize.  Err: 105
[2016.08.09-17.43.44:051][  0]LogMaterial: Missing cached shader map for material WireframeMaterial, compiling. Is special engine material.
[2016.08.09-17.43.44:097][  0]LogMaterial: Missing cached shader map for material LevelColorationLitMaterial, compiling. Is special engine material.
[2016.08.09-17.43.44:470][  0]LogMaterial: Missing cached shader map for material LevelColorationUnlitMaterial, compiling. Is special engine material.
[2016.08.09-17.43.44:513][  0]LogMaterial: Missing cached shader map for material MAT_LevelColorationLitLightmapUV, compiling. Is special engine material.
[2016.08.09-17.43.44:902][  0]LogMaterial: Missing cached shader map for material ShadedLevelColorationLitMaterial, compiling. Is special engine material.
[2016.08.09-17.43.45:277][  0]LogMaterial: Missing cached shader map for material ShadedLevelColorationUnlitMateri, compiling. Is special engine material.
[2016.08.09-17.43.45:313][  0]LogMaterial: Missing cached shader map for material VertexColorMaterial, compiling. 
[2016.08.09-17.43.45:375][  0]LogMaterial: Missing cached shader map for material VertexColorViewMode_ColorOnly, compiling. 
[2016.08.09-17.43.45:392][  0]LogMaterial: Missing cached shader map for material VertexColorViewMode_AlphaAsColor, compiling. 
[2016.08.09-17.43.45:400][  0]LogMaterial: Missing cached shader map for material VertexColorViewMode_RedOnly, compiling. 
[2016.08.09-17.43.45:407][  0]LogMaterial: Missing cached shader map for material VertexColorViewMode_GreenOnly, compiling. 
[2016.08.09-17.43.45:415][  0]LogMaterial: Missing cached shader map for material VertexColorViewMode_BlueOnly, compiling. 
[2016.08.09-17.43.45:422][  0]LogMaterial: Missing cached shader map for material RemoveSurfaceMaterial, compiling. 
[2016.08.09-17.43.45:427][  0]LogMaterial: Missing cached shader map for material DebugMeshMaterial, compiling. 
[2016.08.09-17.43.45:437][  0]LogMaterial: Missing cached shader map for material M_InvalidLightmapSettings, compiling. 
[2016.08.09-17.43.45:499][  0]LogMaterial: Missing cached shader map for material GizmoMaterial, compiling. 
[2016.08.09-17.43.45:515][  0]LogInit: XAudio2 using 'Speakers (Realtek High Definition Audio)' : 2 channels at 48 kHz using 32 bits per sample (channel mask 0x3)
[2016.08.09-17.43.45:531][  0]LogInit: FAudioDevice initialized.
[2016.08.09-17.43.45:538][  0]LogInit: Texture streaming: Enabled
[2016.08.09-17.43.45:540][  0]LogMaterial: Missing cached shader map for material BaseColor, compiling. 
[2016.08.09-17.43.45:541][  0]LogMaterial:Warning: Failed to compile Material /Engine/BufferVisualization/BaseColor.BaseColor for platform PCD3D_ES2, Default Material will be used in game.
[2016.08.09-17.43.45:541][  0]LogMaterial:Warning: 	(Node FeatureLevelSwitch) Feature Level switch missing default input
[2016.08.09-17.43.45:543][  0]LogMaterial: Missing cached shader map for material CustomDepth, compiling. 
[2016.08.09-17.43.45:552][  0]LogMaterial: Missing cached shader map for material CustomStencil, compiling. 
[2016.08.09-17.43.45:557][  0]LogMaterial: Missing cached shader map for material FinalImage, compiling. 
[2016.08.09-17.43.45:562][  0]LogMaterial: Missing cached shader map for material LightingModel, compiling. 
[2016.08.09-17.43.45:567][  0]LogMaterial: Missing cached shader map for material MaterialAO, compiling. 
[2016.08.09-17.43.45:571][  0]LogMaterial: Missing cached shader map for material Metallic, compiling. 
[2016.08.09-17.43.45:576][  0]LogMaterial: Missing cached shader map for material Opacity, compiling. 
[2016.08.09-17.43.45:580][  0]LogMaterial: Missing cached shader map for material Roughness, compiling. 
[2016.08.09-17.43.45:585][  0]LogMaterial: Missing cached shader map for material SceneColor, compiling. 
[2016.08.09-17.43.45:590][  0]LogMaterial: Missing cached shader map for material SceneDepth, compiling. 
[2016.08.09-17.43.45:596][  0]LogMaterial: Missing cached shader map for material SeparateTranslucencyRGB, compiling. 
[2016.08.09-17.43.45:601][  0]LogMaterial: Missing cached shader map for material SeparateTranslucencyA, compiling. 
[2016.08.09-17.43.45:605][  0]LogMaterial: Missing cached shader map for material Specular, compiling. 
[2016.08.09-17.43.45:606][  0]LogMaterial:Warning: Failed to compile Material /Engine/BufferVisualization/Specular.Specular for platform PCD3D_ES2, Default Material will be used in game.
[2016.08.09-17.43.45:606][  0]LogMaterial:Warning: 	(Node FeatureLevelSwitch) Feature Level switch missing default input
[2016.08.09-17.43.45:607][  0]LogMaterial: Missing cached shader map for material SubsurfaceColor, compiling. 
[2016.08.09-17.43.45:613][  0]LogMaterial: Missing cached shader map for material WorldNormal, compiling. 
[2016.08.09-17.43.45:619][  0]LogMaterial: Missing cached shader map for material AmbientOcclusion, compiling. 
[2016.08.09-17.43.45:627][  0]LogMaterial: Missing cached shader map for material CustomDepthWorldUnits, compiling. 
[2016.08.09-17.43.45:633][  0]LogMaterial: Missing cached shader map for material SceneDepthWorldUnits, compiling. 
[2016.08.09-17.43.45:638][  0]LogMaterial: Missing cached shader map for material HDRColor, compiling. 
[2016.08.09-17.43.45:742][  0]LogNet: Browse: /Temp/Autosaves/Game/TwinStickBP/Maps/UEDPCTwinStickExampleMap?Name=Player
[2016.08.09-17.43.45:752][  0]LogLoad: LoadMap: /Temp/Autosaves/Game/TwinStickBP/Maps/UEDPCTwinStickExampleMap?Name=Player
[2016.08.09-17.43.45:878][  0]LogMemory: Platform Memory Stats for Windows
[2016.08.09-17.43.45:878][  0]LogMemory: Process Physical Memory: 962.72 MB used, 994.09 MB peak
[2016.08.09-17.43.45:878][  0]LogMemory: Process Virtual Memory: 1011.38 MB used, 1011.38 MB peak
[2016.08.09-17.43.45:878][  0]LogMemory: Physical Memory: 10847.53 MB used, 16335.64 MB total
[2016.08.09-17.43.45:878][  0]LogMemory: Virtual Memory: 1609.79 MB used, 134217728.00 MB total
[2016.08.09-17.43.45:878][  0]LogMemory: 
[2016.08.09-17.43.45:878][  0]Allocator Stats for TBB: (not implemented)
[2016.08.09-17.43.46:160][  0]LogMaterial: Missing cached shader map for material M_Sky_Panning_Clouds2, compiling. 
[2016.08.09-17.43.46:174][  0]LogMaterial: Missing cached shader map for material BaseMaterial, compiling. 
[2016.08.09-17.43.46:252][  0]LogMaterial: Missing cached shader map for material AntiAliasedTextMaterialTranslucent, compiling. 
[2016.08.09-17.43.46:286][  0]LogMaterial: Missing cached shader map for material CubeMaterial, compiling. 
[2016.08.09-17.43.46:363][  0]LogAIModule: Creating AISystem for world TwinStickExampleMap
[2016.08.09-17.43.46:363][  0]LogWorld: Game class is 'TwinStickGameMode_C'
[2016.08.09-17.43.46:366][  0]LogWorld: Bringing World /Temp/Autosaves/Game/TwinStickBP/Maps/UEDPCTwinStickExampleMap.TwinStickExampleMap up for play (max tick rate 0) at 2016.08.09-13.43.46
[2016.08.09-17.43.46:367][  0]LogWorld: Bringing up level for play took: 0.003377
[2016.08.09-17.43.46:397][  0]LogTexture:Display: Building textures: VirtualJoystick_Background (BGRA8)
[2016.08.09-17.43.46:401][  0]LogTexture:Display: Building textures: VirtualJoystick_Thumb (BGRA8)
[2016.08.09-17.43.46:445][  0]LogLoad: Took 0.693171 seconds to LoadMap(/Temp/Autosaves/Game/TwinStickBP/Maps/UEDPCTwinStickExampleMap)
[2016.08.09-17.43.46:445][  0]LogInit:Display: Game Engine Initialized.
[2016.08.09-17.43.46:778][  0]LogLoad: Full Startup: 102.71 seconds (BP compile: 0.14 seconds)
[2016.08.09-17.43.46:778][  0]LogExternalProfiler: No external profilers were discovered.  External profiling features will not be available.
[2016.08.09-17.43.46:795][  0]LogOcInput: OculusInput pre-init called
[2016.08.09-17.43.46:834][  1]LogRenderer: Reallocating scene render targets to support 1280x720 (Frame:2).
[2016.08.09-18.30.39:066][274]LogWindowsTextInputMethodSystem:Display: IME system now deactivated.
[2016.08.09-18.30.39:072][274]LogEngine: All Windows Closed
[2016.08.09-18.30.39:072][274]LogWindows: FPlatformMisc::RequestExit(0)
[2016.08.09-18.30.39:072][275]LogMoviePlayer: Shutting down movie player
[2016.08.09-18.30.39:906][275]LogExit: Preparing to exit.
[2016.08.09-18.30.40:282][275]LogExit: Game engine shut down
[2016.08.09-18.30.40:395][275]LogObj: Freed 0b from 0 cluster array pools.
[2016.08.09-18.30.40:396][275]LogExit: Object subsystem successfully closed.
[2016.08.09-18.30.40:427][275]LogD3D11RHI: Shutdown
[2016.08.09-18.30.40:427][275]LogD3D11RHI: CleanupD3DDevice
[2016.08.09-18.30.40:461][275]LogD3D11RHI: ~FD3D11DynamicRHI
[2016.08.09-18.30.40:470][275]LogModuleManager: Shutting down and abandoning module SequenceRecorderSections (112)
[2016.08.09-18.30.40:470][275]LogModuleManager: Shutting down and abandoning module SequenceRecorder (111)
[2016.08.09-18.30.40:470][275]LogModuleManager: Shutting down and abandoning module AutomationController (110)
[2016.08.09-18.30.40:470][275]LogModuleManager: Shutting down and abandoning module AutomationWorker (109)
[2016.08.09-18.30.40:470][275]LogModuleManager: Shutting down and abandoning module CharacterAI (108)
[2016.08.09-18.30.40:470][275]LogModuleManager: Shutting down and abandoning module SessionServices (107)
[2016.08.09-18.30.40:470][275]LogModuleManager: Shutting down and abandoning module GameplayDebugger (106)
[2016.08.09-18.30.40:470][275]LogModuleManager: Shutting down and abandoning module AITestSuite (105)
[2016.08.09-18.30.40:470][275]LogModuleManager: Shutting down and abandoning module AIModule (104)
[2016.08.09-18.30.40:470][275]LogModuleManager: Shutting down and abandoning module MovieSceneCapture (103)
[2016.08.09-18.30.40:476][275]LogModuleManager: Shutting down and abandoning module StreamingPauseRendering (102)
[2016.08.09-18.30.40:476][275]LogModuleManager: Shutting down and abandoning module PortalServices (101)
[2016.08.09-18.30.40:476][275]LogModuleManager: Shutting down and abandoning module PortalRpc (100)
[2016.08.09-18.30.40:476][275]LogModuleManager: Shutting down and abandoning module MessagingRpc (99)
[2016.08.09-18.30.40:476][275]LogModuleManager: Shutting down and abandoning module ProfilerService (98)
[2016.08.09-18.30.40:697][275]LogModuleManager: Shutting down and abandoning module TaskGraph (97)
[2016.08.09-18.30.40:697][275]LogModuleManager: Shutting down and abandoning module SlateRemote (96)
[2016.08.09-18.30.40:697][275]LogModuleManager: Shutting down and abandoning module SteamVRController (95)
[2016.08.09-18.30.40:697][275]LogModuleManager: Shutting down and abandoning module SteamVR (94)
[2016.08.09-18.30.40:697][275]LogModuleManager: Shutting down and abandoning module ProceduralMeshComponent (93)
[2016.08.09-18.30.40:697][275]LogModuleManager: Shutting down and abandoning module OculusLibrary (92)
[2016.08.09-18.30.40:697][275]LogModuleManager: Shutting down and abandoning module OculusInput (91)
[2016.08.09-18.30.40:697][275]LogModuleManager: Shutting down and abandoning module CustomMeshComponent (90)
[2016.08.09-18.30.40:697][275]LogModuleManager: Shutting down and abandoning module CableComponent (89)
[2016.08.09-18.30.40:697][275]LogModuleManager: Shutting down and abandoning module ArchVisCharacter (88)
[2016.08.09-18.30.40:697][275]LogModuleManager: Shutting down and abandoning module HTML5Networking (87)
[2016.08.09-18.30.40:697][275]LogModuleManager: Shutting down and abandoning module DesktopPlatform (86)
[2016.08.09-18.30.40:697][275]LogModuleManager: Shutting down and abandoning module DirectoryWatcher (85)
[2016.08.09-18.30.40:697][275]LogModuleManager: Shutting down and abandoning module HotReload (84)
[2016.08.09-18.30.40:698][275]LogModuleManager: Shutting down and abandoning module VisualStudioSourceCodeAccess (83)
[2016.08.09-18.30.40:698][275]LogModuleManager: Shutting down and abandoning module UObjectPlugin (82)
[2016.08.09-18.30.40:698][275]LogModuleManager: Shutting down and abandoning module SubversionSourceControl (81)
[2016.08.09-18.30.40:698][275]LogModuleManager: Shutting down and abandoning module SourceControl (80)
[2016.08.09-18.30.40:698][275]LogModuleManager: Shutting down and abandoning module PerforceSourceControl (79)
[2016.08.09-18.30.40:698][275]LogModuleManager: Shutting down and abandoning module UdpMessaging (78)
[2016.08.09-18.30.40:798][275]LogModuleManager: Shutting down and abandoning module LightPropagationVolumeRuntime (77)
[2016.08.09-18.30.40:798][275]LogModuleManager: Shutting down and abandoning module Paper2D (76)
[2016.08.09-18.30.40:798][275]LogModuleManager: Shutting down and abandoning module WindowsMoviePlayer (75)
[2016.08.09-18.30.40:798][275]LogModuleManager: Shutting down and abandoning module Media (74)
[2016.08.09-18.30.40:798][275]LogModuleManager: Shutting down and abandoning module WmfMedia (73)
[2016.08.09-18.30.40:798][275]LogModuleManager: Shutting down and abandoning module MediaAssets (72)
[2016.08.09-18.30.40:798][275]LogModuleManager: Shutting down and abandoning module GameLiveStreaming (71)
[2016.08.09-18.30.40:799][275]LogModuleManager: Shutting down and abandoning module GameplayTagsEditor (70)
[2016.08.09-18.30.40:799][275]LogModuleManager: Shutting down and abandoning module OnlineBlueprintSupport (69)
[2016.08.09-18.30.40:799][275]LogModuleManager: Shutting down and abandoning module VREditor (68)
[2016.08.09-18.30.40:799][275]LogModuleManager: Shutting down and abandoning module GameplayTasksEditor (67)
[2016.08.09-18.30.40:799][275]LogModuleManager: Shutting down and abandoning module PropertyEditor (66)
[2016.08.09-18.30.40:799][275]LogModuleManager: Shutting down and abandoning module BehaviorTreeEditor (65)
[2016.08.09-18.30.40:799][275]LogModuleManager: Shutting down and abandoning module FunctionalTesting (64)
[2016.08.09-18.30.40:799][275]LogModuleManager: Shutting down and abandoning module CollisionAnalyzer (63)
[2016.08.09-18.30.40:799][275]LogModuleManager: Shutting down and abandoning module Sequencer (62)
[2016.08.09-18.30.40:799][275]LogModuleManager: Shutting down and abandoning module WorkspaceMenuStructure (61)
[2016.08.09-18.30.40:799][275]LogModuleManager: Shutting down and abandoning module MessageLog (60)
[2016.08.09-18.30.40:799][275]LogModuleManager: Shutting down and abandoning module AssetTools (59)
[2016.08.09-18.30.40:799][275]LogModuleManager: Shutting down and abandoning module UMGEditor (58)
[2016.08.09-18.30.40:799][275]LogModuleManager: Shutting down and abandoning module UMG (57)
[2016.08.09-18.30.40:799][275]LogModuleManager: Shutting down and abandoning module SlateReflector (56)
[2016.08.09-18.30.40:799][275]LogModuleManager: Shutting down and abandoning module Slate (55)
[2016.08.09-18.30.40:799][275]LogModuleManager: Shutting down and abandoning module EditorStyle (54)
[2016.08.09-18.30.40:801][275]LogModuleManager: Shutting down and abandoning module Messaging (53)
[2016.08.09-18.30.40:801][275]LogModuleManager: Shutting down and abandoning module SourceCodeAccess (52)
[2016.08.09-18.30.40:801][275]LogModuleManager: Shutting down and abandoning module HeadMountedDisplay (51)
[2016.08.09-18.30.40:801][275]LogModuleManager: Shutting down and abandoning module XAudio2 (50)
[2016.08.09-18.30.40:801][275]LogModuleManager: Shutting down and abandoning module Networking (48)
[2016.08.09-18.30.40:801][275]LogModuleManager: Shutting down and abandoning module Core (47)
[2016.08.09-18.30.40:801][275]LogModuleManager: Shutting down and abandoning module KismetCompiler (46)
[2016.08.09-18.30.40:801][275]LogModuleManager: Shutting down and abandoning module PhysXFormats (45)
[2016.08.09-18.30.40:801][275]LogModuleManager: Shutting down and abandoning module MeshUtilities (44)
[2016.08.09-18.30.40:801][275]LogModuleManager: Shutting down and abandoning module AssetRegistry (43)
[2016.08.09-18.30.40:801][275]LogModuleManager: Shutting down and abandoning module DerivedDataCache (42)
[2016.08.09-18.30.40:807][275]LogDerivedDataCache: Shutdown
[2016.08.09-18.30.40:808][275]LogModuleManager: Shutting down and abandoning module VulkanShaderFormat (41)
[2016.08.09-18.30.40:808][275]LogModuleManager: Shutting down and abandoning module ShaderFormatOpenGL (40)
[2016.08.09-18.30.40:808][275]LogModuleManager: Shutting down and abandoning module ShaderFormatD3D (39)
[2016.08.09-18.30.40:808][275]LogModuleManager: Shutting down and abandoning module MetalShaderFormat (38)
[2016.08.09-18.30.40:808][275]LogModuleManager: Shutting down and abandoning module TextureFormatUncompressed (37)
[2016.08.09-18.30.40:808][275]LogModuleManager: Shutting down and abandoning module TextureFormatPVR (36)
[2016.08.09-18.30.40:808][275]LogModuleManager: Shutting down and abandoning module TextureFormatIntelISPCTexComp (35)
[2016.08.09-18.30.40:808][275]LogModuleManager: Shutting down and abandoning module TextureFormatDXT (34)
[2016.08.09-18.30.40:808][275]LogModuleManager: Shutting down and abandoning module ImageWrapper (33)
[2016.08.09-18.30.40:808][275]LogModuleManager: Shutting down and abandoning module TextureFormatASTC (32)
[2016.08.09-18.30.40:808][275]LogModuleManager: Shutting down and abandoning module TextureFormatAndroid (31)
[2016.08.09-18.30.40:808][275]LogModuleManager: Shutting down and abandoning module AudioFormatOpus (30)
[2016.08.09-18.30.40:808][275]LogModuleManager: Shutting down and abandoning module AudioFormatOgg (29)
[2016.08.09-18.30.40:808][275]LogModuleManager: Shutting down and abandoning module AudioFormatADPCM (28)
[2016.08.09-18.30.40:808][275]LogModuleManager: Shutting down and abandoning module WindowsTargetPlatform (27)
[2016.08.09-18.30.40:808][275]LogModuleManager: Shutting down and abandoning module WindowsServerTargetPlatform (26)
[2016.08.09-18.30.40:808][275]LogModuleManager: Shutting down and abandoning module WindowsNoEditorTargetPlatform (25)
[2016.08.09-18.30.40:808][275]LogModuleManager: Shutting down and abandoning module WindowsClientTargetPlatform (24)
[2016.08.09-18.30.40:808][275]LogModuleManager: Shutting down and abandoning module TargetPlatform (23)
[2016.08.09-18.30.40:808][275]LogModuleManager: Shutting down and abandoning module InputCore (22)
[2016.08.09-18.30.40:808][275]LogModuleManager: Shutting down and abandoning module Settings (21)
[2016.08.09-18.30.40:808][275]LogModuleManager: Shutting down and abandoning module OnlineSubsystem (19)
[2016.08.09-18.30.40:808][275]LogModuleManager: Shutting down and abandoning module HTTP (18)
[2016.08.09-18.30.40:808][275]LogModuleManager: Shutting down and abandoning module XMPP (17)
[2016.08.09-18.30.40:808][275]LogModuleManager: Shutting down and abandoning module OculusRift (16)
[2016.08.09-18.30.40:808][275]LogModuleManager: Shutting down and abandoning module ExampleDeviceProfileSelector (15)
[2016.08.09-18.30.40:808][275]LogModuleManager: Shutting down and abandoning module TextureCompressor (14)
[2016.08.09-18.30.40:809][275]LogModuleManager: Shutting down and abandoning module ShaderCore (13)
[2016.08.09-18.30.40:809][275]LogModuleManager: Shutting down and abandoning module Landscape (12)
[2016.08.09-18.30.40:809][275]LogModuleManager: Shutting down and abandoning module SlateRHIRenderer (11)
[2016.08.09-18.30.40:810][275]LogModuleManager: Shutting down and abandoning module OpenGLDrv (10)
[2016.08.09-18.30.40:810][275]LogModuleManager: Shutting down and abandoning module D3D11RHI (9)
[2016.08.09-18.30.40:810][275]LogModuleManager: Shutting down and abandoning module AnimGraphRuntime (8)
[2016.08.09-18.30.40:810][275]LogModuleManager: Shutting down and abandoning module Renderer (7)
[2016.08.09-18.30.40:810][275]LogModuleManager: Shutting down and abandoning module Engine (6)
[2016.08.09-18.30.40:810][275]LogModuleManager: Shutting down and abandoning module CoreUObject (5)
[2016.08.09-18.30.40:810][275]LogModuleManager: Shutting down and abandoning module NetworkFile (4)
[2016.08.09-18.30.40:810][275]LogModuleManager: Shutting down and abandoning module StreamingFile (3)
[2016.08.09-18.30.40:810][275]LogModuleManager: Shutting down and abandoning module SandboxFile (2)
[2016.08.09-18.30.40:810][275]LogModuleManager: Shutting down and abandoning module PakFile (1)
[2016.08.09-18.30.40:811][275]LogExit: Exiting.
[2016.08.09-18.30.40:816][275]Log file closed, 08/09/16 14:30:40
