Log file open, 08/09/16 17:37:23
LogInit:Display: Running engine for game: SpaceShooter
LogPlatformFile: Not using cached read wrapper
LogInit:Display: RandInit(-1665526503) SRandInit(-1665526501).
LogTaskGraph: Started task graph with 4 named threads and 7 total threads with 1 sets of task threads.
LogStats: Stats thread started at 0.065613
LogInit: Version: 4.12.5-3039270+++UE4+Release-4.12
LogInit: API Version: 2992821
LogInit: Net Version: 3039270
LogDevObjectVersion: Number of dev versions registered: 13
LogDevObjectVersion:   Dev-Blueprints (B0D832E4-1F89-4F0D-ACCF-7EB736FD4AA2): 3
LogDevObjectVersion:   Dev-Build (E1C64328-A22C-4D53-A36C-8E866417BD8C): 0
LogDevObjectVersion:   Dev-Core (375EC13C-06E4-48FB-B500-84F0262A717E): 1
LogDevObjectVersion:   Dev-Editor (E4B068ED-F494-42E9-A231-DA0B2E46BB41): 2
LogDevObjectVersion:   Dev-Framework (CFFC743F-43B0-4480-9391-14DF171D2073): 6
LogDevObjectVersion:   Dev-Mobile (B02B49B5-BB20-44E9-A304-32B752E40360): 0
LogDevObjectVersion:   Dev-Networking (A4E4105C-59A1-49B5-A7C5-40C4547EDFEE): 0
LogDevObjectVersion:   Dev-Online (39C831C9-5AE6-47DC-9A44-9C173E1C8E7C): 0
LogDevObjectVersion:   Dev-Physics (78F01B33-EBEA-4F98-B9B4-84EACCB95AA2): 0
LogDevObjectVersion:   Dev-Platform (6631380F-2D4D-43E0-8009-CF276956A95A): 0
LogDevObjectVersion:   Dev-Rendering (12F88B9F-8875-4AFC-A67C-D90C383ABD29): 2
LogDevObjectVersion:   Dev-Sequencer (7B5AE74C-D270-4C10-A958-57980B212A5A): 0
LogDevObjectVersion:   Dev-VR (D7296918-1DD6-4BDD-9DE2-64A83CC13884): 0
LogInit: Compiled (64-bit): Jul  6 2016 09:09:46
LogInit: Compiled with Visual C++: 19.00.23026.00
LogInit: Build Configuration: Development
LogInit: Branch Name: ++UE4+Release-4.12
LogInit: Command line: -EpicPortal 
LogInit: Base directory: D:/Program Files/Epic Games/4.12/Engine/Binaries/Win64/
LogInit: Installed Engine Build: 1
LogInit: Using libcurl 7.41.0
LogInit:  - built for x86_64-pc-win32
LogInit:  - supports SSL with WinSSL
LogInit:  - other features:
LogInit:      CURL_VERSION_SSL
LogInit:      CURL_VERSION_IPV6
LogInit:      CURL_VERSION_ASYNCHDNS
LogInit:      CURL_VERSION_LARGEFILE
LogInit:      CURL_VERSION_IDN
LogInit:  CurlRequestOptions (configurable via config and command line):
LogInit:  - bVerifyPeer = true  - Libcurl will verify peer certificate
LogInit:  - bUseHttpProxy = false  - Libcurl will NOT use HTTP proxy
LogInit:  - bDontReuseConnections = false  - Libcurl will reuse connections
LogInit:  - CertBundlePath = nullptr  - Libcurl will use whatever was configured at build time.
LogInit: Presizing for max 8388607 objects, including 0 objects not considered by GC, pre-allocating 0 bytes for permanent pool.
LogInit: Object subsystem initialized
[2016.08.09-21.37.23:765][  0]LogInit: Selected Device Profile: [Windows]
[2016.08.09-21.37.23:765][  0]LogInit: Applying CVar settings loaded from the selected device profile: [Windows]
[2016.08.09-21.37.23:776][  0]LogInit: Computer: JASON-PC
[2016.08.09-21.37.23:776][  0]LogInit: User: Jason
[2016.08.09-21.37.23:776][  0]LogInit: CPU Page size=65536, Cores=4
[2016.08.09-21.37.23:776][  0]LogInit: High frequency timer resolution =3.906264 MHz
[2016.08.09-21.37.23:776][  0]LogMemory: Memory total: Physical=16.0GB (16GB approx)
[2016.08.09-21.37.23:776][  0]LogMemory: Platform Memory Stats for Windows
[2016.08.09-21.37.23:776][  0]LogMemory: Process Physical Memory: 189.93 MB used, 189.93 MB peak
[2016.08.09-21.37.23:776][  0]LogMemory: Process Virtual Memory: 195.14 MB used, 195.14 MB peak
[2016.08.09-21.37.23:776][  0]LogMemory: Physical Memory: 10263.14 MB used, 16335.64 MB total
[2016.08.09-21.37.23:776][  0]LogMemory: Virtual Memory: 554.23 MB used, 134217728.00 MB total
[2016.08.09-21.37.23:808][  0]LogTextLocalizationManager: No specific translations for ('en-US') exist, so ('en') translations will be used.
[2016.08.09-21.37.24:152][  0]LogD3D11RHI: D3D11 adapters:
[2016.08.09-21.37.24:188][  0]LogD3D11RHI:    0. 'NVIDIA GeForce GTX 980' (Feature Level 11_0)
[2016.08.09-21.37.24:188][  0]LogD3D11RHI:       4008/0/8167 MB DedicatedVideo/DedicatedSystem/SharedSystem, Outputs:1, VendorId:0x10de
[2016.08.09-21.37.24:189][  0]LogD3D11RHI:    1. 'Microsoft Basic Render Driver' (Feature Level 11_0)
[2016.08.09-21.37.24:189][  0]LogD3D11RHI:       0/0/8167 MB DedicatedVideo/DedicatedSystem/SharedSystem, Outputs:0, VendorId:0x1414
[2016.08.09-21.37.24:189][  0]LogD3D11RHI: Chosen D3D11 Adapter: 0
[2016.08.09-21.37.24:221][  0]LogD3D11RHI: Creating new Direct3DDevice
[2016.08.09-21.37.24:221][  0]LogD3D11RHI:     GPU DeviceId: 0x13c0 (for the marketing name, search the web for "GPU Device Id")
[2016.08.09-21.37.24:221][  0]LogWindows: EnumDisplayDevices:
[2016.08.09-21.37.24:221][  0]LogWindows:    0. 'NVIDIA GeForce GTX 980' (P:1 D:1)
[2016.08.09-21.37.24:221][  0]LogWindows:    1. 'NVIDIA GeForce GTX 980' (P:0 D:0)
[2016.08.09-21.37.24:222][  0]LogWindows:    2. 'NVIDIA GeForce GTX 980' (P:0 D:0)
[2016.08.09-21.37.24:222][  0]LogWindows:    3. 'NVIDIA GeForce GTX 980' (P:0 D:0)
[2016.08.09-21.37.24:222][  0]LogWindows: DebugString: FoundDriverCount:4 
[2016.08.09-21.37.24:222][  0]LogD3D11RHI:     Adapter Name: NVIDIA GeForce GTX 980
[2016.08.09-21.37.24:222][  0]LogD3D11RHI:   Driver Version: 368.39 (internal:10.18.13.6839, unified:368.39)
[2016.08.09-21.37.24:222][  0]LogD3D11RHI:      Driver Date: 6-2-2016
[2016.08.09-21.37.24:222][  0]LogRHI: Texture pool is 1361 MB (70% of 1945 MB)
[2016.08.09-21.37.24:238][  0]LogD3D11RHI: Async texture creation enabled
[2016.08.09-21.37.24:248][  0]LogD3D11RHI: GPU Timing Frequency: 1000.000000 (Debug: 2 1)
[2016.08.09-21.37.24:248][  0]LogShaderCompilers: Guid format shader working directory is -13 characters bigger than the processId version (F:/Unreal Projects/SpaceShooter/SpaceShooter/SpaceShooter/Intermediate/Shaders/WorkingDirectory/248320/).
[2016.08.09-21.37.24:248][  0]LogShaderCompilers: Cleaned the shader compiler working directory 'C:/Users/Jason/AppData/Local/Temp/UnrealShaderWorkingDir/A52D4E1D4F42CD3F797FCE881E240532/'.
[2016.08.09-21.37.24:248][  0]LogShaderCompilers:Display: Using Local Shader Compiler.
[2016.08.09-21.37.25:040][  0]LogTemp:Display: Loaded TP AllDesktopTargetPlatform
[2016.08.09-21.37.25:047][  0]LogTemp:Display: Loaded TP WindowsClientTargetPlatform
[2016.08.09-21.37.25:054][  0]LogTemp:Display: Loaded TP WindowsNoEditorTargetPlatform
[2016.08.09-21.37.25:060][  0]LogTemp:Display: Loaded TP WindowsServerTargetPlatform
[2016.08.09-21.37.25:067][  0]LogTemp:Display: Loaded TP WindowsTargetPlatform
[2016.08.09-21.37.25:074][  0]LogTemp:Display: Loaded TP AndroidTargetPlatform
[2016.08.09-21.37.25:080][  0]LogTemp:Display: Loaded TP Android_ASTCTargetPlatform
[2016.08.09-21.37.25:086][  0]LogTemp:Display: Loaded TP Android_ATCTargetPlatform
[2016.08.09-21.37.25:093][  0]LogTemp:Display: Loaded TP Android_DXTTargetPlatform
[2016.08.09-21.37.25:101][  0]LogTemp:Display: Loaded TP Android_ETC1TargetPlatform
[2016.08.09-21.37.25:109][  0]LogTemp:Display: Loaded TP Android_ETC2TargetPlatform
[2016.08.09-21.37.25:123][  0]LogTemp:Display: Loaded TP Android_MultiTargetPlatform
[2016.08.09-21.37.25:123][  0]LogTemp:Display: Loaded TP Android_PVRTCTargetPlatform
[2016.08.09-21.37.25:124][  0]LogTemp:Display: Loaded TP HTML5TargetPlatform
[2016.08.09-21.37.25:143][  0]LogTemp:Display: Loaded TP IOSTargetPlatform
[2016.08.09-21.37.25:150][  0]LogTemp:Display: Loaded TP TVOSTargetPlatform
[2016.08.09-21.37.25:157][  0]LogTemp:Display: Loaded TP LinuxNoEditorTargetPlatform
[2016.08.09-21.37.25:164][  0]LogTemp:Display: Loaded TP LinuxServerTargetPlatform
[2016.08.09-21.37.25:171][  0]LogTemp:Display: Loaded TP LinuxTargetPlatform
[2016.08.09-21.37.25:171][  0]LogTargetPlatformManager:Display: Building Assets For Windows
[2016.08.09-21.37.25:223][  0]LogDerivedDataCache:Display: Max Cache Size: 512 MB
[2016.08.09-21.37.25:273][  0]LogDerivedDataCache: Loaded boot cache 0.05s 48MB C:/Users/Jason/AppData/Local/UnrealEngine/4.12/DerivedDataCache/Boot.ddc.
[2016.08.09-21.37.25:273][  0]LogDerivedDataCache:Display: Loaded Boot cache: C:/Users/Jason/AppData/Local/UnrealEngine/4.12/DerivedDataCache/Boot.ddc
[2016.08.09-21.37.25:273][  0]LogDerivedDataCache: FDerivedDataBackendGraph:  Pak pak cache file F:/Unreal Projects/SpaceShooter/SpaceShooter/SpaceShooter/DerivedDataCache/DDC.ddp not found, will not use a pak cache.
[2016.08.09-21.37.25:273][  0]LogDerivedDataCache: Unable to find inner node Pak for hierarchical cache Hierarchy.
[2016.08.09-21.37.25:273][  0]LogDerivedDataCache: FDerivedDataBackendGraph:  CompressedPak pak cache file F:/Unreal Projects/SpaceShooter/SpaceShooter/SpaceShooter/DerivedDataCache/Compressed.ddp not found, will not use a pak cache.
[2016.08.09-21.37.25:273][  0]LogDerivedDataCache: Unable to find inner node CompressedPak for hierarchical cache Hierarchy.
[2016.08.09-21.37.25:288][  0]LogDerivedDataCache:Display: Pak cache opened for reading ../../../Engine/DerivedDataCache/Compressed.ddp.
[2016.08.09-21.37.25:300][  0]LogDerivedDataCache: Using Local data cache path C:/Users/Jason/AppData/Local/UnrealEngine/Common/DerivedDataCache: Writable
[2016.08.09-21.37.25:461][  0]LogInit: Selected Device Profile: [Windows]
[2016.08.09-21.37.25:462][  0]LogContentStreaming: Texture pool size is 0.00 MB
[2016.08.09-21.37.25:598][  0]LogMeshUtilities: No automatic mesh reduction module available
[2016.08.09-21.37.25:598][  0]LogMeshUtilities: No automatic mesh merging module available
[2016.08.09-21.37.25:598][  0]LogMeshUtilities: No distributed automatic mesh merging module available
[2016.08.09-21.37.25:796][  0]LogAssetRegistry: FAssetRegistry took 0.0211 seconds to start up
[2016.08.09-21.37.25:816][  0]LogPackageLocalizationCache: Processed 3 localized package path(s) for 2 prioritized culture(s) in 0.018782 seconds
[2016.08.09-21.37.25:822][  0]LogUObjectArray: 28739 objects as part of root set at end of initial load.
[2016.08.09-21.37.25:822][  0]LogUObjectAllocator: 5855624 out of 0 bytes used by permanent object pool.
[2016.08.09-21.37.25:822][  0]LogUObjectArray: CloseDisregardForGC: 0/0 objects in disregard for GC pool
[2016.08.09-21.37.25:826][  0]LogInit: WinSock: version 1.1 (2.2), MaxSocks=32767, MaxUdp=65467
[2016.08.09-21.37.25:955][  0]LogSlate: SlateFontCache - WITH_FREETYPE: 1, WITH_HARFBUZZ: 1
[2016.08.09-21.37.25:955][  0]LogSlate: SlateFontCache - WITH_FREETYPE: 1, WITH_HARFBUZZ: 1
[2016.08.09-21.37.26:592][  0]LogUdpMessaging: Initializing bridge on interface 0.0.0.0:0 to multicast group 230.0.0.1:6666.
[2016.08.09-21.37.26:776][  0]SourceControl: Info Source control is disabled
[2016.08.09-21.37.26:802][  0]SourceControl: Info Source control is disabled
[2016.08.09-21.37.26:808][  0]SourceControl: Info Source control is disabled
[2016.08.09-21.37.26:814][  0]SourceControl: Info Source control is disabled
[2016.08.09-21.37.26:987][  0]LogEngine: Initializing Engine...
[2016.08.09-21.37.26:989][  0]LogHMD: SteamVR failed to initialize.  Err: 105
[2016.08.09-21.37.26:991][  0]LogHMD: SteamVR failed to initialize.  Err: 105
[2016.08.09-21.37.27:098][  0]LogAIModule: Creating AISystem for world NewWorld
[2016.08.09-21.37.27:102][  0]LogInit: XAudio2 using 'Speakers (Realtek High Definition Audio)' : 2 channels at 48 kHz using 32 bits per sample (channel mask 0x3)
[2016.08.09-21.37.27:114][  0]LogInit: FAudioDevice initialized.
[2016.08.09-21.37.27:135][  0]LogDerivedDataCache: Saved boot cache 0.02s 48MB C:/Users/Jason/AppData/Local/UnrealEngine/4.12/DerivedDataCache/Boot.ddc.
[2016.08.09-21.37.27:141][  0]LogInit: Texture streaming: Enabled
[2016.08.09-21.37.27:174][  0]LogInit: Transaction tracking system initialized
[2016.08.09-21.37.27:186][  0]BlueprintLog: New page: Editor Load
[2016.08.09-21.37.27:677][  0]LocalizationService: Info Localization service is disabled
[2016.08.09-21.37.27:743][  0]LogConsoleResponse:Display: 
[2016.08.09-21.37.27:820][  0]LogCook:Display: Max memory allowance for cook 8192mb
[2016.08.09-21.37.27:820][  0]LogCook:Display: Mobile HDR setting 1
[2016.08.09-21.37.27:890][  0]LogFileCache: Scanning file cache for directory 'F:/Unreal Projects/SpaceShooter/SpaceShooter/SpaceShooter/Content/' took 0.01s
[2016.08.09-21.37.27:890][  0]SourceControl: Info Source control is disabled
[2016.08.09-21.37.27:890][  0]LogFactory: FactoryCreateFile: PackFactory with PackFactory (0 0 D:/Program Files/Epic Games/4.12/FeaturePacks/MobileStarterContent.upack)
[2016.08.09-21.37.27:951][  0]LogPackFactory: Finished extracting 8 files (including 0 errors).
[2016.08.09-21.37.27:993][  0]LogPackFactory: Copied "../../../Samples/MobileStarterContent/Content/MobileStarterContent/Architecture/Floor_400x400.uasset" to "F:/Unreal Projects/SpaceShooter/SpaceShooter/SpaceShooter/Content/MobileStarterContent/Architecture/Floor_400x400.uasset"
[2016.08.09-21.37.28:030][  0]LogPackFactory: Copied "../../../Samples/MobileStarterContent/Content/MobileStarterContent/Architecture/Pillar_50x500.uasset" to "F:/Unreal Projects/SpaceShooter/SpaceShooter/SpaceShooter/Content/MobileStarterContent/Architecture/Pillar_50x500.uasset"
[2016.08.09-21.37.28:047][  0]LogPackFactory: Copied "../../../Samples/MobileStarterContent/Content/MobileStarterContent/Architecture/Wall_400x200.uasset" to "F:/Unreal Projects/SpaceShooter/SpaceShooter/SpaceShooter/Content/MobileStarterContent/Architecture/Wall_400x200.uasset"
[2016.08.09-21.37.28:059][  0]LogPackFactory: Copied "../../../Samples/MobileStarterContent/Content/MobileStarterContent/Architecture/Wall_400x300.uasset" to "F:/Unreal Projects/SpaceShooter/SpaceShooter/SpaceShooter/Content/MobileStarterContent/Architecture/Wall_400x300.uasset"
[2016.08.09-21.37.28:081][  0]LogPackFactory: Copied "../../../Samples/MobileStarterContent/Content/MobileStarterContent/Architecture/Wall_400x400.uasset" to "F:/Unreal Projects/SpaceShooter/SpaceShooter/SpaceShooter/Content/MobileStarterContent/Architecture/Wall_400x400.uasset"
[2016.08.09-21.37.28:113][  0]LogPackFactory: Copied "../../../Samples/MobileStarterContent/Content/MobileStarterContent/Architecture/Wall_500x500.uasset" to "F:/Unreal Projects/SpaceShooter/SpaceShooter/SpaceShooter/Content/MobileStarterContent/Architecture/Wall_500x500.uasset"
[2016.08.09-21.37.28:123][  0]LogPackFactory: Copied "../../../Samples/MobileStarterContent/Content/MobileStarterContent/Architecture/Wall_Door_400x300.uasset" to "F:/Unreal Projects/SpaceShooter/SpaceShooter/SpaceShooter/Content/MobileStarterContent/Architecture/Wall_Door_400x300.uasset"
[2016.08.09-21.37.28:138][  0]LogPackFactory: Copied "../../../Samples/MobileStarterContent/Content/MobileStarterContent/Architecture/Wall_Door_400x400.uasset" to "F:/Unreal Projects/SpaceShooter/SpaceShooter/SpaceShooter/Content/MobileStarterContent/Architecture/Wall_Door_400x400.uasset"
[2016.08.09-21.37.28:147][  0]LogPackFactory: Copied "../../../Samples/MobileStarterContent/Content/MobileStarterContent/Architecture/Wall_Window_400x300.uasset" to "F:/Unreal Projects/SpaceShooter/SpaceShooter/SpaceShooter/Content/MobileStarterContent/Architecture/Wall_Window_400x300.uasset"
[2016.08.09-21.37.28:179][  0]LogPackFactory: Copied "../../../Samples/MobileStarterContent/Content/MobileStarterContent/Architecture/Wall_Window_400x400.uasset" to "F:/Unreal Projects/SpaceShooter/SpaceShooter/SpaceShooter/Content/MobileStarterContent/Architecture/Wall_Window_400x400.uasset"
[2016.08.09-21.37.28:213][  0]LogPackFactory: Copied "../../../Samples/MobileStarterContent/Content/MobileStarterContent/Audio/Collapse01.uasset" to "F:/Unreal Projects/SpaceShooter/SpaceShooter/SpaceShooter/Content/MobileStarterContent/Audio/Collapse01.uasset"
[2016.08.09-21.37.28:232][  0]LogPackFactory: Copied "../../../Samples/MobileStarterContent/Content/MobileStarterContent/Audio/Collapse02.uasset" to "F:/Unreal Projects/SpaceShooter/SpaceShooter/SpaceShooter/Content/MobileStarterContent/Audio/Collapse02.uasset"
[2016.08.09-21.37.28:260][  0]LogPackFactory: Copied "../../../Samples/MobileStarterContent/Content/MobileStarterContent/Audio/Collapse_Cue.uasset" to "F:/Unreal Projects/SpaceShooter/SpaceShooter/SpaceShooter/Content/MobileStarterContent/Audio/Collapse_Cue.uasset"
[2016.08.09-21.37.28:283][  0]LogPackFactory: Copied "../../../Samples/MobileStarterContent/Content/MobileStarterContent/Audio/Explosion01.uasset" to "F:/Unreal Projects/SpaceShooter/SpaceShooter/SpaceShooter/Content/MobileStarterContent/Audio/Explosion01.uasset"
[2016.08.09-21.37.28:309][  0]LogPackFactory: Copied "../../../Samples/MobileStarterContent/Content/MobileStarterContent/Audio/Explosion02.uasset" to "F:/Unreal Projects/SpaceShooter/SpaceShooter/SpaceShooter/Content/MobileStarterContent/Audio/Explosion02.uasset"
[2016.08.09-21.37.28:326][  0]LogPackFactory: Copied "../../../Samples/MobileStarterContent/Content/MobileStarterContent/Audio/Explosion_Cue.uasset" to "F:/Unreal Projects/SpaceShooter/SpaceShooter/SpaceShooter/Content/MobileStarterContent/Audio/Explosion_Cue.uasset"
[2016.08.09-21.37.28:364][  0]LogPackFactory: Copied "../../../Samples/MobileStarterContent/Content/MobileStarterContent/Audio/Fire01.uasset" to "F:/Unreal Projects/SpaceShooter/SpaceShooter/SpaceShooter/Content/MobileStarterContent/Audio/Fire01.uasset"
[2016.08.09-21.37.28:385][  0]LogPackFactory: Copied "../../../Samples/MobileStarterContent/Content/MobileStarterContent/Audio/Fire01_Cue.uasset" to "F:/Unreal Projects/SpaceShooter/SpaceShooter/SpaceShooter/Content/MobileStarterContent/Audio/Fire01_Cue.uasset"
[2016.08.09-21.37.28:418][  0]LogPackFactory: Copied "../../../Samples/MobileStarterContent/Content/MobileStarterContent/Audio/Fire_Sparks01.uasset" to "F:/Unreal Projects/SpaceShooter/SpaceShooter/SpaceShooter/Content/MobileStarterContent/Audio/Fire_Sparks01.uasset"
[2016.08.09-21.37.28:428][  0]LogPackFactory: Copied "../../../Samples/MobileStarterContent/Content/MobileStarterContent/Audio/Fire_Sparks01_Cue.uasset" to "F:/Unreal Projects/SpaceShooter/SpaceShooter/SpaceShooter/Content/MobileStarterContent/Audio/Fire_Sparks01_Cue.uasset"
[2016.08.09-21.37.28:464][  0]LogPackFactory: Copied "../../../Samples/MobileStarterContent/Content/MobileStarterContent/Audio/Light01.uasset" to "F:/Unreal Projects/SpaceShooter/SpaceShooter/SpaceShooter/Content/MobileStarterContent/Audio/Light01.uasset"
[2016.08.09-21.37.28:477][  0]LogPackFactory: Copied "../../../Samples/MobileStarterContent/Content/MobileStarterContent/Audio/Light01_Cue.uasset" to "F:/Unreal Projects/SpaceShooter/SpaceShooter/SpaceShooter/Content/MobileStarterContent/Audio/Light01_Cue.uasset"
[2016.08.09-21.37.28:495][  0]LogPackFactory: Copied "../../../Samples/MobileStarterContent/Content/MobileStarterContent/Audio/Light02.uasset" to "F:/Unreal Projects/SpaceShooter/SpaceShooter/SpaceShooter/Content/MobileStarterContent/Audio/Light02.uasset"
[2016.08.09-21.37.28:507][  0]LogPackFactory: Copied "../../../Samples/MobileStarterContent/Content/MobileStarterContent/Audio/Light02_Cue.uasset" to "F:/Unreal Projects/SpaceShooter/SpaceShooter/SpaceShooter/Content/MobileStarterContent/Audio/Light02_Cue.uasset"
[2016.08.09-21.37.28:544][  0]LogPackFactory: Copied "../../../Samples/MobileStarterContent/Content/MobileStarterContent/Audio/Smoke01.uasset" to "F:/Unreal Projects/SpaceShooter/SpaceShooter/SpaceShooter/Content/MobileStarterContent/Audio/Smoke01.uasset"
[2016.08.09-21.37.28:564][  0]LogPackFactory: Copied "../../../Samples/MobileStarterContent/Content/MobileStarterContent/Audio/Smoke01_Cue.uasset" to "F:/Unreal Projects/SpaceShooter/SpaceShooter/SpaceShooter/Content/MobileStarterContent/Audio/Smoke01_Cue.uasset"
[2016.08.09-21.37.28:584][  0]LogPackFactory: Copied "../../../Samples/MobileStarterContent/Content/MobileStarterContent/Audio/Starter_Background_Cue.uasset" to "F:/Unreal Projects/SpaceShooter/SpaceShooter/SpaceShooter/Content/MobileStarterContent/Audio/Starter_Background_Cue.uasset"
[2016.08.09-21.37.28:662][  0]LogPackFactory: Copied "../../../Samples/MobileStarterContent/Content/MobileStarterContent/Audio/Starter_Birds01.uasset" to "F:/Unreal Projects/SpaceShooter/SpaceShooter/SpaceShooter/Content/MobileStarterContent/Audio/Starter_Birds01.uasset"
[2016.08.09-21.37.28:793][  0]LogPackFactory: Copied "../../../Samples/MobileStarterContent/Content/MobileStarterContent/Audio/Starter_Music01.uasset" to "F:/Unreal Projects/SpaceShooter/SpaceShooter/SpaceShooter/Content/MobileStarterContent/Audio/Starter_Music01.uasset"
[2016.08.09-21.37.28:816][  0]LogPackFactory: Copied "../../../Samples/MobileStarterContent/Content/MobileStarterContent/Audio/Starter_Music_Cue.uasset" to "F:/Unreal Projects/SpaceShooter/SpaceShooter/SpaceShooter/Content/MobileStarterContent/Audio/Starter_Music_Cue.uasset"
[2016.08.09-21.37.28:903][  0]LogPackFactory: Copied "../../../Samples/MobileStarterContent/Content/MobileStarterContent/Audio/Starter_Wind05.uasset" to "F:/Unreal Projects/SpaceShooter/SpaceShooter/SpaceShooter/Content/MobileStarterContent/Audio/Starter_Wind05.uasset"
[2016.08.09-21.37.28:951][  0]LogPackFactory: Copied "../../../Samples/MobileStarterContent/Content/MobileStarterContent/Audio/Starter_Wind06.uasset" to "F:/Unreal Projects/SpaceShooter/SpaceShooter/SpaceShooter/Content/MobileStarterContent/Audio/Starter_Wind06.uasset"
[2016.08.09-21.37.28:994][  0]LogPackFactory: Copied "../../../Samples/MobileStarterContent/Content/MobileStarterContent/Audio/Steam01.uasset" to "F:/Unreal Projects/SpaceShooter/SpaceShooter/SpaceShooter/Content/MobileStarterContent/Audio/Steam01.uasset"
[2016.08.09-21.37.29:011][  0]LogPackFactory: Copied "../../../Samples/MobileStarterContent/Content/MobileStarterContent/Audio/Steam01_Cue.uasset" to "F:/Unreal Projects/SpaceShooter/SpaceShooter/SpaceShooter/Content/MobileStarterContent/Audio/Steam01_Cue.uasset"
[2016.08.09-21.37.29:034][  0]LogPackFactory: Copied "../../../Samples/MobileStarterContent/Content/MobileStarterContent/Blueprints/Blueprint_CeilingLight.uasset" to "F:/Unreal Projects/SpaceShooter/SpaceShooter/SpaceShooter/Content/MobileStarterContent/Blueprints/Blueprint_CeilingLight.uasset"
[2016.08.09-21.37.29:063][  0]LogPackFactory: Copied "../../../Samples/MobileStarterContent/Content/MobileStarterContent/Blueprints/Blueprint_Effect_Explosion.uasset" to "F:/Unreal Projects/SpaceShooter/SpaceShooter/SpaceShooter/Content/MobileStarterContent/Blueprints/Blueprint_Effect_Explosion.uasset"
[2016.08.09-21.37.29:079][  0]LogPackFactory: Copied "../../../Samples/MobileStarterContent/Content/MobileStarterContent/Blueprints/Blueprint_Effect_Fire.uasset" to "F:/Unreal Projects/SpaceShooter/SpaceShooter/SpaceShooter/Content/MobileStarterContent/Blueprints/Blueprint_Effect_Fire.uasset"
[2016.08.09-21.37.29:094][  0]LogPackFactory: Copied "../../../Samples/MobileStarterContent/Content/MobileStarterContent/Blueprints/Blueprint_Effect_Smoke.uasset" to "F:/Unreal Projects/SpaceShooter/SpaceShooter/SpaceShooter/Content/MobileStarterContent/Blueprints/Blueprint_Effect_Smoke.uasset"
[2016.08.09-21.37.29:120][  0]LogPackFactory: Copied "../../../Samples/MobileStarterContent/Content/MobileStarterContent/Blueprints/Blueprint_Effect_Sparks.uasset" to "F:/Unreal Projects/SpaceShooter/SpaceShooter/SpaceShooter/Content/MobileStarterContent/Blueprints/Blueprint_Effect_Sparks.uasset"
[2016.08.09-21.37.29:150][  0]LogPackFactory: Copied "../../../Samples/MobileStarterContent/Content/MobileStarterContent/Blueprints/Blueprint_WallSconce.uasset" to "F:/Unreal Projects/SpaceShooter/SpaceShooter/SpaceShooter/Content/MobileStarterContent/Blueprints/Blueprint_WallSconce.uasset"
[2016.08.09-21.37.29:204][  0]LogPackFactory: Copied "../../../Samples/MobileStarterContent/Content/MobileStarterContent/Maps/Minimal_Default.umap" to "F:/Unreal Projects/SpaceShooter/SpaceShooter/SpaceShooter/Content/MobileStarterContent/Maps/Minimal_Default.umap"
[2016.08.09-21.37.29:407][  0]LogPackFactory: Copied "../../../Samples/MobileStarterContent/Content/MobileStarterContent/Maps/StarterMap.umap" to "F:/Unreal Projects/SpaceShooter/SpaceShooter/SpaceShooter/Content/MobileStarterContent/Maps/StarterMap.umap"
[2016.08.09-21.37.29:443][  0]LogPackFactory: Copied "../../../Samples/MobileStarterContent/Content/MobileStarterContent/Materials/M_Basic_Floor.uasset" to "F:/Unreal Projects/SpaceShooter/SpaceShooter/SpaceShooter/Content/MobileStarterContent/Materials/M_Basic_Floor.uasset"
[2016.08.09-21.37.29:459][  0]LogPackFactory: Copied "../../../Samples/MobileStarterContent/Content/MobileStarterContent/Materials/M_Basic_Wall.uasset" to "F:/Unreal Projects/SpaceShooter/SpaceShooter/SpaceShooter/Content/MobileStarterContent/Materials/M_Basic_Wall.uasset"
[2016.08.09-21.37.29:483][  0]LogPackFactory: Copied "../../../Samples/MobileStarterContent/Content/MobileStarterContent/Materials/M_Brick_Clay_Beveled.uasset" to "F:/Unreal Projects/SpaceShooter/SpaceShooter/SpaceShooter/Content/MobileStarterContent/Materials/M_Brick_Clay_Beveled.uasset"
[2016.08.09-21.37.29:499][  0]LogPackFactory: Copied "../../../Samples/MobileStarterContent/Content/MobileStarterContent/Materials/M_Brick_Clay_New.uasset" to "F:/Unreal Projects/SpaceShooter/SpaceShooter/SpaceShooter/Content/MobileStarterContent/Materials/M_Brick_Clay_New.uasset"
[2016.08.09-21.37.29:506][  0]LogPackFactory: Copied "../../../Samples/MobileStarterContent/Content/MobileStarterContent/Materials/M_Brick_Clay_Old.uasset" to "F:/Unreal Projects/SpaceShooter/SpaceShooter/SpaceShooter/Content/MobileStarterContent/Materials/M_Brick_Clay_Old.uasset"
[2016.08.09-21.37.29:526][  0]LogPackFactory: Copied "../../../Samples/MobileStarterContent/Content/MobileStarterContent/Materials/M_Brick_Cut_Stone.uasset" to "F:/Unreal Projects/SpaceShooter/SpaceShooter/SpaceShooter/Content/MobileStarterContent/Materials/M_Brick_Cut_Stone.uasset"
[2016.08.09-21.37.29:534][  0]LogPackFactory: Copied "../../../Samples/MobileStarterContent/Content/MobileStarterContent/Materials/M_Brick_Hewn_Stone.uasset" to "F:/Unreal Projects/SpaceShooter/SpaceShooter/SpaceShooter/Content/MobileStarterContent/Materials/M_Brick_Hewn_Stone.uasset"
[2016.08.09-21.37.29:557][  0]LogPackFactory: Copied "../../../Samples/MobileStarterContent/Content/MobileStarterContent/Materials/M_Ceramic_Tile_Checker.uasset" to "F:/Unreal Projects/SpaceShooter/SpaceShooter/SpaceShooter/Content/MobileStarterContent/Materials/M_Ceramic_Tile_Checker.uasset"
[2016.08.09-21.37.29:568][  0]LogPackFactory: Copied "../../../Samples/MobileStarterContent/Content/MobileStarterContent/Materials/M_CobbleStone_Pebble.uasset" to "F:/Unreal Projects/SpaceShooter/SpaceShooter/SpaceShooter/Content/MobileStarterContent/Materials/M_CobbleStone_Pebble.uasset"
[2016.08.09-21.37.29:581][  0]LogPackFactory: Copied "../../../Samples/MobileStarterContent/Content/MobileStarterContent/Materials/M_CobbleStone_Rough.uasset" to "F:/Unreal Projects/SpaceShooter/SpaceShooter/SpaceShooter/Content/MobileStarterContent/Materials/M_CobbleStone_Rough.uasset"
[2016.08.09-21.37.29:594][  0]LogPackFactory: Copied "../../../Samples/MobileStarterContent/Content/MobileStarterContent/Materials/M_CobbleStone_Smooth.uasset" to "F:/Unreal Projects/SpaceShooter/SpaceShooter/SpaceShooter/Content/MobileStarterContent/Materials/M_CobbleStone_Smooth.uasset"
[2016.08.09-21.37.29:616][  0]LogPackFactory: Copied "../../../Samples/MobileStarterContent/Content/MobileStarterContent/Materials/M_Concrete_Grime.uasset" to "F:/Unreal Projects/SpaceShooter/SpaceShooter/SpaceShooter/Content/MobileStarterContent/Materials/M_Concrete_Grime.uasset"
[2016.08.09-21.37.29:636][  0]LogPackFactory: Copied "../../../Samples/MobileStarterContent/Content/MobileStarterContent/Materials/M_Concrete_Panels.uasset" to "F:/Unreal Projects/SpaceShooter/SpaceShooter/SpaceShooter/Content/MobileStarterContent/Materials/M_Concrete_Panels.uasset"
[2016.08.09-21.37.29:643][  0]LogPackFactory: Copied "../../../Samples/MobileStarterContent/Content/MobileStarterContent/Materials/M_Concrete_Poured.uasset" to "F:/Unreal Projects/SpaceShooter/SpaceShooter/SpaceShooter/Content/MobileStarterContent/Materials/M_Concrete_Poured.uasset"
[2016.08.09-21.37.29:654][  0]LogPackFactory: Copied "../../../Samples/MobileStarterContent/Content/MobileStarterContent/Materials/M_Concrete_Tiles.uasset" to "F:/Unreal Projects/SpaceShooter/SpaceShooter/SpaceShooter/Content/MobileStarterContent/Materials/M_Concrete_Tiles.uasset"
[2016.08.09-21.37.29:685][  0]LogPackFactory: Copied "../../../Samples/MobileStarterContent/Content/MobileStarterContent/Materials/M_Glass.uasset" to "F:/Unreal Projects/SpaceShooter/SpaceShooter/SpaceShooter/Content/MobileStarterContent/Materials/M_Glass.uasset"
[2016.08.09-21.37.29:704][  0]LogPackFactory: Copied "../../../Samples/MobileStarterContent/Content/MobileStarterContent/Materials/M_Ground_Grass.uasset" to "F:/Unreal Projects/SpaceShooter/SpaceShooter/SpaceShooter/Content/MobileStarterContent/Materials/M_Ground_Grass.uasset"
[2016.08.09-21.37.29:730][  0]LogPackFactory: Copied "../../../Samples/MobileStarterContent/Content/MobileStarterContent/Materials/M_Ground_Gravel.uasset" to "F:/Unreal Projects/SpaceShooter/SpaceShooter/SpaceShooter/Content/MobileStarterContent/Materials/M_Ground_Gravel.uasset"
[2016.08.09-21.37.29:753][  0]LogPackFactory: Copied "../../../Samples/MobileStarterContent/Content/MobileStarterContent/Materials/M_Ground_Moss.uasset" to "F:/Unreal Projects/SpaceShooter/SpaceShooter/SpaceShooter/Content/MobileStarterContent/Materials/M_Ground_Moss.uasset"
[2016.08.09-21.37.29:784][  0]LogPackFactory: Copied "../../../Samples/MobileStarterContent/Content/MobileStarterContent/Materials/M_Metal_Brushed_Nickel.uasset" to "F:/Unreal Projects/SpaceShooter/SpaceShooter/SpaceShooter/Content/MobileStarterContent/Materials/M_Metal_Brushed_Nickel.uasset"
[2016.08.09-21.37.29:807][  0]LogPackFactory: Copied "../../../Samples/MobileStarterContent/Content/MobileStarterContent/Materials/M_Metal_Burnished_Steel.uasset" to "F:/Unreal Projects/SpaceShooter/SpaceShooter/SpaceShooter/Content/MobileStarterContent/Materials/M_Metal_Burnished_Steel.uasset"
[2016.08.09-21.37.29:825][  0]LogPackFactory: Copied "../../../Samples/MobileStarterContent/Content/MobileStarterContent/Materials/M_Metal_Chrome.uasset" to "F:/Unreal Projects/SpaceShooter/SpaceShooter/SpaceShooter/Content/MobileStarterContent/Materials/M_Metal_Chrome.uasset"
[2016.08.09-21.37.29:830][  0]LogPackFactory: Copied "../../../Samples/MobileStarterContent/Content/MobileStarterContent/Materials/M_Metal_Copper.uasset" to "F:/Unreal Projects/SpaceShooter/SpaceShooter/SpaceShooter/Content/MobileStarterContent/Materials/M_Metal_Copper.uasset"
[2016.08.09-21.37.29:863][  0]LogPackFactory: Copied "../../../Samples/MobileStarterContent/Content/MobileStarterContent/Materials/M_Metal_Gold.uasset" to "F:/Unreal Projects/SpaceShooter/SpaceShooter/SpaceShooter/Content/MobileStarterContent/Materials/M_Metal_Gold.uasset"
[2016.08.09-21.37.29:885][  0]LogPackFactory: Copied "../../../Samples/MobileStarterContent/Content/MobileStarterContent/Materials/M_Metal_Rust.uasset" to "F:/Unreal Projects/SpaceShooter/SpaceShooter/SpaceShooter/Content/MobileStarterContent/Materials/M_Metal_Rust.uasset"
[2016.08.09-21.37.29:899][  0]LogPackFactory: Copied "../../../Samples/MobileStarterContent/Content/MobileStarterContent/Materials/M_Metal_Steel.uasset" to "F:/Unreal Projects/SpaceShooter/SpaceShooter/SpaceShooter/Content/MobileStarterContent/Materials/M_Metal_Steel.uasset"
[2016.08.09-21.37.29:925][  0]LogPackFactory: Copied "../../../Samples/MobileStarterContent/Content/MobileStarterContent/Materials/M_Rock_Basalt.uasset" to "F:/Unreal Projects/SpaceShooter/SpaceShooter/SpaceShooter/Content/MobileStarterContent/Materials/M_Rock_Basalt.uasset"
[2016.08.09-21.37.29:972][  0]LogPackFactory: Copied "../../../Samples/MobileStarterContent/Content/MobileStarterContent/Materials/M_Rock_Marble_Polished.uasset" to "F:/Unreal Projects/SpaceShooter/SpaceShooter/SpaceShooter/Content/MobileStarterContent/Materials/M_Rock_Marble_Polished.uasset"
[2016.08.09-21.37.29:979][  0]LogPackFactory: Copied "../../../Samples/MobileStarterContent/Content/MobileStarterContent/Materials/M_Rock_Sandstone.uasset" to "F:/Unreal Projects/SpaceShooter/SpaceShooter/SpaceShooter/Content/MobileStarterContent/Materials/M_Rock_Sandstone.uasset"
[2016.08.09-21.37.29:998][  0]LogPackFactory: Copied "../../../Samples/MobileStarterContent/Content/MobileStarterContent/Materials/M_Rock_Slate.uasset" to "F:/Unreal Projects/SpaceShooter/SpaceShooter/SpaceShooter/Content/MobileStarterContent/Materials/M_Rock_Slate.uasset"
[2016.08.09-21.37.30:014][  0]LogPackFactory: Copied "../../../Samples/MobileStarterContent/Content/MobileStarterContent/Materials/M_Tech_Checker_Dot.uasset" to "F:/Unreal Projects/SpaceShooter/SpaceShooter/SpaceShooter/Content/MobileStarterContent/Materials/M_Tech_Checker_Dot.uasset"
[2016.08.09-21.37.30:042][  0]LogPackFactory: Copied "../../../Samples/MobileStarterContent/Content/MobileStarterContent/Materials/M_Tech_Hex_Tile.uasset" to "F:/Unreal Projects/SpaceShooter/SpaceShooter/SpaceShooter/Content/MobileStarterContent/Materials/M_Tech_Hex_Tile.uasset"
[2016.08.09-21.37.30:049][  0]LogPackFactory: Copied "../../../Samples/MobileStarterContent/Content/MobileStarterContent/Materials/M_Tech_Hex_Tile_Pulse.uasset" to "F:/Unreal Projects/SpaceShooter/SpaceShooter/SpaceShooter/Content/MobileStarterContent/Materials/M_Tech_Hex_Tile_Pulse.uasset"
[2016.08.09-21.37.30:074][  0]LogPackFactory: Copied "../../../Samples/MobileStarterContent/Content/MobileStarterContent/Materials/M_Tech_Panel.uasset" to "F:/Unreal Projects/SpaceShooter/SpaceShooter/SpaceShooter/Content/MobileStarterContent/Materials/M_Tech_Panel.uasset"
[2016.08.09-21.37.30:097][  0]LogPackFactory: Copied "../../../Samples/MobileStarterContent/Content/MobileStarterContent/Materials/M_Water_Lake.uasset" to "F:/Unreal Projects/SpaceShooter/SpaceShooter/SpaceShooter/Content/MobileStarterContent/Materials/M_Water_Lake.uasset"
[2016.08.09-21.37.30:132][  0]LogPackFactory: Copied "../../../Samples/MobileStarterContent/Content/MobileStarterContent/Materials/M_Water_Ocean.uasset" to "F:/Unreal Projects/SpaceShooter/SpaceShooter/SpaceShooter/Content/MobileStarterContent/Materials/M_Water_Ocean.uasset"
[2016.08.09-21.37.30:138][  0]LogPackFactory: Copied "../../../Samples/MobileStarterContent/Content/MobileStarterContent/Materials/M_Wood_Floor_Walnut_Polished.uasset" to "F:/Unreal Projects/SpaceShooter/SpaceShooter/SpaceShooter/Content/MobileStarterContent/Materials/M_Wood_Floor_Walnut_Polished.uasset"
[2016.08.09-21.37.30:150][  0]LogPackFactory: Copied "../../../Samples/MobileStarterContent/Content/MobileStarterContent/Materials/M_Wood_Floor_Walnut_Worn.uasset" to "F:/Unreal Projects/SpaceShooter/SpaceShooter/SpaceShooter/Content/MobileStarterContent/Materials/M_Wood_Floor_Walnut_Worn.uasset"
[2016.08.09-21.37.30:177][  0]LogPackFactory: Copied "../../../Samples/MobileStarterContent/Content/MobileStarterContent/Materials/M_Wood_Oak.uasset" to "F:/Unreal Projects/SpaceShooter/SpaceShooter/SpaceShooter/Content/MobileStarterContent/Materials/M_Wood_Oak.uasset"
[2016.08.09-21.37.30:215][  0]LogPackFactory: Copied "../../../Samples/MobileStarterContent/Content/MobileStarterContent/Materials/M_Wood_Pine.uasset" to "F:/Unreal Projects/SpaceShooter/SpaceShooter/SpaceShooter/Content/MobileStarterContent/Materials/M_Wood_Pine.uasset"
[2016.08.09-21.37.30:221][  0]LogPackFactory: Copied "../../../Samples/MobileStarterContent/Content/MobileStarterContent/Materials/M_Wood_Walnut.uasset" to "F:/Unreal Projects/SpaceShooter/SpaceShooter/SpaceShooter/Content/MobileStarterContent/Materials/M_Wood_Walnut.uasset"
[2016.08.09-21.37.30:256][  0]LogPackFactory: Copied "../../../Samples/MobileStarterContent/Content/MobileStarterContent/Particles/P_Ambient_Dust.uasset" to "F:/Unreal Projects/SpaceShooter/SpaceShooter/SpaceShooter/Content/MobileStarterContent/Particles/P_Ambient_Dust.uasset"
[2016.08.09-21.37.30:279][  0]LogPackFactory: Copied "../../../Samples/MobileStarterContent/Content/MobileStarterContent/Particles/P_Explosion.uasset" to "F:/Unreal Projects/SpaceShooter/SpaceShooter/SpaceShooter/Content/MobileStarterContent/Particles/P_Explosion.uasset"
[2016.08.09-21.37.30:303][  0]LogPackFactory: Copied "../../../Samples/MobileStarterContent/Content/MobileStarterContent/Particles/P_Fire.uasset" to "F:/Unreal Projects/SpaceShooter/SpaceShooter/SpaceShooter/Content/MobileStarterContent/Particles/P_Fire.uasset"
[2016.08.09-21.37.30:338][  0]LogPackFactory: Copied "../../../Samples/MobileStarterContent/Content/MobileStarterContent/Particles/P_Smoke.uasset" to "F:/Unreal Projects/SpaceShooter/SpaceShooter/SpaceShooter/Content/MobileStarterContent/Particles/P_Smoke.uasset"
[2016.08.09-21.37.30:359][  0]LogPackFactory: Copied "../../../Samples/MobileStarterContent/Content/MobileStarterContent/Particles/P_Sparks.uasset" to "F:/Unreal Projects/SpaceShooter/SpaceShooter/SpaceShooter/Content/MobileStarterContent/Particles/P_Sparks.uasset"
[2016.08.09-21.37.30:379][  0]LogPackFactory: Copied "../../../Samples/MobileStarterContent/Content/MobileStarterContent/Particles/Materials/M_Burst.uasset" to "F:/Unreal Projects/SpaceShooter/SpaceShooter/SpaceShooter/Content/MobileStarterContent/Particles/Materials/M_Burst.uasset"
[2016.08.09-21.37.30:421][  0]LogPackFactory: Copied "../../../Samples/MobileStarterContent/Content/MobileStarterContent/Particles/Materials/M_Dust_Particle.uasset" to "F:/Unreal Projects/SpaceShooter/SpaceShooter/SpaceShooter/Content/MobileStarterContent/Particles/Materials/M_Dust_Particle.uasset"
[2016.08.09-21.37.30:444][  0]LogPackFactory: Copied "../../../Samples/MobileStarterContent/Content/MobileStarterContent/Particles/Materials/M_explosion_subUV.uasset" to "F:/Unreal Projects/SpaceShooter/SpaceShooter/SpaceShooter/Content/MobileStarterContent/Particles/Materials/M_explosion_subUV.uasset"
[2016.08.09-21.37.30:454][  0]LogPackFactory: Copied "../../../Samples/MobileStarterContent/Content/MobileStarterContent/Particles/Materials/M_Fire_SubUV.uasset" to "F:/Unreal Projects/SpaceShooter/SpaceShooter/SpaceShooter/Content/MobileStarterContent/Particles/Materials/M_Fire_SubUV.uasset"
[2016.08.09-21.37.30:477][  0]LogPackFactory: Copied "../../../Samples/MobileStarterContent/Content/MobileStarterContent/Particles/Materials/m_flare_01.uasset" to "F:/Unreal Projects/SpaceShooter/SpaceShooter/SpaceShooter/Content/MobileStarterContent/Particles/Materials/m_flare_01.uasset"
[2016.08.09-21.37.30:508][  0]LogPackFactory: Copied "../../../Samples/MobileStarterContent/Content/MobileStarterContent/Particles/Materials/M_Radial_Gradient.uasset" to "F:/Unreal Projects/SpaceShooter/SpaceShooter/SpaceShooter/Content/MobileStarterContent/Particles/Materials/M_Radial_Gradient.uasset"
[2016.08.09-21.37.30:514][  0]LogPackFactory: Copied "../../../Samples/MobileStarterContent/Content/MobileStarterContent/Particles/Materials/M_radial_ramp.uasset" to "F:/Unreal Projects/SpaceShooter/SpaceShooter/SpaceShooter/Content/MobileStarterContent/Particles/Materials/M_radial_ramp.uasset"
[2016.08.09-21.37.30:519][  0]LogPackFactory: Copied "../../../Samples/MobileStarterContent/Content/MobileStarterContent/Particles/Materials/M_smoke_subUV.uasset" to "F:/Unreal Projects/SpaceShooter/SpaceShooter/SpaceShooter/Content/MobileStarterContent/Particles/Materials/M_smoke_subUV.uasset"
[2016.08.09-21.37.30:527][  0]LogPackFactory: Copied "../../../Samples/MobileStarterContent/Content/MobileStarterContent/Particles/Materials/M_Spark.uasset" to "F:/Unreal Projects/SpaceShooter/SpaceShooter/SpaceShooter/Content/MobileStarterContent/Particles/Materials/M_Spark.uasset"
[2016.08.09-21.37.30:558][  0]LogPackFactory: Copied "../../../Samples/MobileStarterContent/Content/MobileStarterContent/Props/MaterialSphere.uasset" to "F:/Unreal Projects/SpaceShooter/SpaceShooter/SpaceShooter/Content/MobileStarterContent/Props/MaterialSphere.uasset"
[2016.08.09-21.37.30:580][  0]LogPackFactory: Copied "../../../Samples/MobileStarterContent/Content/MobileStarterContent/Props/SM_Bush.uasset" to "F:/Unreal Projects/SpaceShooter/SpaceShooter/SpaceShooter/Content/MobileStarterContent/Props/SM_Bush.uasset"
[2016.08.09-21.37.30:610][  0]LogPackFactory: Copied "../../../Samples/MobileStarterContent/Content/MobileStarterContent/Props/SM_Chair.uasset" to "F:/Unreal Projects/SpaceShooter/SpaceShooter/SpaceShooter/Content/MobileStarterContent/Props/SM_Chair.uasset"
[2016.08.09-21.37.30:652][  0]LogPackFactory: Copied "../../../Samples/MobileStarterContent/Content/MobileStarterContent/Props/SM_CornerFrame.uasset" to "F:/Unreal Projects/SpaceShooter/SpaceShooter/SpaceShooter/Content/MobileStarterContent/Props/SM_CornerFrame.uasset"
[2016.08.09-21.37.30:683][  0]LogPackFactory: Copied "../../../Samples/MobileStarterContent/Content/MobileStarterContent/Props/SM_Couch.uasset" to "F:/Unreal Projects/SpaceShooter/SpaceShooter/SpaceShooter/Content/MobileStarterContent/Props/SM_Couch.uasset"
[2016.08.09-21.37.30:701][  0]LogPackFactory: Copied "../../../Samples/MobileStarterContent/Content/MobileStarterContent/Props/SM_Door.uasset" to "F:/Unreal Projects/SpaceShooter/SpaceShooter/SpaceShooter/Content/MobileStarterContent/Props/SM_Door.uasset"
[2016.08.09-21.37.30:717][  0]LogPackFactory: Copied "../../../Samples/MobileStarterContent/Content/MobileStarterContent/Props/SM_DoorFrame.uasset" to "F:/Unreal Projects/SpaceShooter/SpaceShooter/SpaceShooter/Content/MobileStarterContent/Props/SM_DoorFrame.uasset"
[2016.08.09-21.37.30:728][  0]LogPackFactory: Copied "../../../Samples/MobileStarterContent/Content/MobileStarterContent/Props/SM_GlassWindow.uasset" to "F:/Unreal Projects/SpaceShooter/SpaceShooter/SpaceShooter/Content/MobileStarterContent/Props/SM_GlassWindow.uasset"
[2016.08.09-21.37.30:762][  0]LogPackFactory: Copied "../../../Samples/MobileStarterContent/Content/MobileStarterContent/Props/SM_Lamp_Ceiling.uasset" to "F:/Unreal Projects/SpaceShooter/SpaceShooter/SpaceShooter/Content/MobileStarterContent/Props/SM_Lamp_Ceiling.uasset"
[2016.08.09-21.37.30:784][  0]LogPackFactory: Copied "../../../Samples/MobileStarterContent/Content/MobileStarterContent/Props/SM_Lamp_Wall.uasset" to "F:/Unreal Projects/SpaceShooter/SpaceShooter/SpaceShooter/Content/MobileStarterContent/Props/SM_Lamp_Wall.uasset"
[2016.08.09-21.37.30:847][  0]LogPackFactory: Copied "../../../Samples/MobileStarterContent/Content/MobileStarterContent/Props/SM_MatPreviewMesh_02.uasset" to "F:/Unreal Projects/SpaceShooter/SpaceShooter/SpaceShooter/Content/MobileStarterContent/Props/SM_MatPreviewMesh_02.uasset"
[2016.08.09-21.37.30:869][  0]LogPackFactory: Copied "../../../Samples/MobileStarterContent/Content/MobileStarterContent/Props/SM_PillarFrame.uasset" to "F:/Unreal Projects/SpaceShooter/SpaceShooter/SpaceShooter/Content/MobileStarterContent/Props/SM_PillarFrame.uasset"
[2016.08.09-21.37.30:908][  0]LogPackFactory: Copied "../../../Samples/MobileStarterContent/Content/MobileStarterContent/Props/SM_PillarFrame300.uasset" to "F:/Unreal Projects/SpaceShooter/SpaceShooter/SpaceShooter/Content/MobileStarterContent/Props/SM_PillarFrame300.uasset"
[2016.08.09-21.37.30:920][  0]LogPackFactory: Copied "../../../Samples/MobileStarterContent/Content/MobileStarterContent/Props/SM_Rock.uasset" to "F:/Unreal Projects/SpaceShooter/SpaceShooter/SpaceShooter/Content/MobileStarterContent/Props/SM_Rock.uasset"
[2016.08.09-21.37.30:940][  0]LogPackFactory: Copied "../../../Samples/MobileStarterContent/Content/MobileStarterContent/Props/SM_Shelf.uasset" to "F:/Unreal Projects/SpaceShooter/SpaceShooter/SpaceShooter/Content/MobileStarterContent/Props/SM_Shelf.uasset"
[2016.08.09-21.37.30:964][  0]LogPackFactory: Copied "../../../Samples/MobileStarterContent/Content/MobileStarterContent/Props/SM_Stairs.uasset" to "F:/Unreal Projects/SpaceShooter/SpaceShooter/SpaceShooter/Content/MobileStarterContent/Props/SM_Stairs.uasset"
[2016.08.09-21.37.31:016][  0]LogPackFactory: Copied "../../../Samples/MobileStarterContent/Content/MobileStarterContent/Props/SM_Statue.uasset" to "F:/Unreal Projects/SpaceShooter/SpaceShooter/SpaceShooter/Content/MobileStarterContent/Props/SM_Statue.uasset"
[2016.08.09-21.37.31:030][  0]LogPackFactory: Copied "../../../Samples/MobileStarterContent/Content/MobileStarterContent/Props/SM_TableRound.uasset" to "F:/Unreal Projects/SpaceShooter/SpaceShooter/SpaceShooter/Content/MobileStarterContent/Props/SM_TableRound.uasset"
[2016.08.09-21.37.31:049][  0]LogPackFactory: Copied "../../../Samples/MobileStarterContent/Content/MobileStarterContent/Props/SM_WindowFrame.uasset" to "F:/Unreal Projects/SpaceShooter/SpaceShooter/SpaceShooter/Content/MobileStarterContent/Props/SM_WindowFrame.uasset"
[2016.08.09-21.37.31:069][  0]LogPackFactory: Copied "../../../Samples/MobileStarterContent/Content/MobileStarterContent/Props/Materials/M_Bush.uasset" to "F:/Unreal Projects/SpaceShooter/SpaceShooter/SpaceShooter/Content/MobileStarterContent/Props/Materials/M_Bush.uasset"
[2016.08.09-21.37.31:088][  0]LogPackFactory: Copied "../../../Samples/MobileStarterContent/Content/MobileStarterContent/Props/Materials/M_Chair.uasset" to "F:/Unreal Projects/SpaceShooter/SpaceShooter/SpaceShooter/Content/MobileStarterContent/Props/Materials/M_Chair.uasset"
[2016.08.09-21.37.31:100][  0]LogPackFactory: Copied "../../../Samples/MobileStarterContent/Content/MobileStarterContent/Props/Materials/M_Door.uasset" to "F:/Unreal Projects/SpaceShooter/SpaceShooter/SpaceShooter/Content/MobileStarterContent/Props/Materials/M_Door.uasset"
[2016.08.09-21.37.31:112][  0]LogPackFactory: Copied "../../../Samples/MobileStarterContent/Content/MobileStarterContent/Props/Materials/M_Frame.uasset" to "F:/Unreal Projects/SpaceShooter/SpaceShooter/SpaceShooter/Content/MobileStarterContent/Props/Materials/M_Frame.uasset"
[2016.08.09-21.37.31:122][  0]LogPackFactory: Copied "../../../Samples/MobileStarterContent/Content/MobileStarterContent/Props/Materials/M_Lamp.uasset" to "F:/Unreal Projects/SpaceShooter/SpaceShooter/SpaceShooter/Content/MobileStarterContent/Props/Materials/M_Lamp.uasset"
[2016.08.09-21.37.31:141][  0]LogPackFactory: Copied "../../../Samples/MobileStarterContent/Content/MobileStarterContent/Props/Materials/M_MaterialSphere.uasset" to "F:/Unreal Projects/SpaceShooter/SpaceShooter/SpaceShooter/Content/MobileStarterContent/Props/Materials/M_MaterialSphere.uasset"
[2016.08.09-21.37.31:147][  0]LogPackFactory: Copied "../../../Samples/MobileStarterContent/Content/MobileStarterContent/Props/Materials/M_MaterialSphere_Plain.uasset" to "F:/Unreal Projects/SpaceShooter/SpaceShooter/SpaceShooter/Content/MobileStarterContent/Props/Materials/M_MaterialSphere_Plain.uasset"
[2016.08.09-21.37.31:180][  0]LogPackFactory: Copied "../../../Samples/MobileStarterContent/Content/MobileStarterContent/Props/Materials/M_Rock.uasset" to "F:/Unreal Projects/SpaceShooter/SpaceShooter/SpaceShooter/Content/MobileStarterContent/Props/Materials/M_Rock.uasset"
[2016.08.09-21.37.31:209][  0]LogPackFactory: Copied "../../../Samples/MobileStarterContent/Content/MobileStarterContent/Props/Materials/M_Shelf.uasset" to "F:/Unreal Projects/SpaceShooter/SpaceShooter/SpaceShooter/Content/MobileStarterContent/Props/Materials/M_Shelf.uasset"
[2016.08.09-21.37.31:222][  0]LogPackFactory: Copied "../../../Samples/MobileStarterContent/Content/MobileStarterContent/Props/Materials/M_Statue.uasset" to "F:/Unreal Projects/SpaceShooter/SpaceShooter/SpaceShooter/Content/MobileStarterContent/Props/Materials/M_Statue.uasset"
[2016.08.09-21.37.31:240][  0]LogPackFactory: Copied "../../../Samples/MobileStarterContent/Content/MobileStarterContent/Props/Materials/M_StatueGlass.uasset" to "F:/Unreal Projects/SpaceShooter/SpaceShooter/SpaceShooter/Content/MobileStarterContent/Props/Materials/M_StatueGlass.uasset"
[2016.08.09-21.37.31:264][  0]LogPackFactory: Copied "../../../Samples/MobileStarterContent/Content/MobileStarterContent/Props/Materials/M_TableRound.uasset" to "F:/Unreal Projects/SpaceShooter/SpaceShooter/SpaceShooter/Content/MobileStarterContent/Props/Materials/M_TableRound.uasset"
[2016.08.09-21.37.31:305][  0]LogPackFactory: Copied "../../../Samples/MobileStarterContent/Content/MobileStarterContent/Shapes/Shape_Cone.uasset" to "F:/Unreal Projects/SpaceShooter/SpaceShooter/SpaceShooter/Content/MobileStarterContent/Shapes/Shape_Cone.uasset"
[2016.08.09-21.37.31:310][  0]LogPackFactory: Copied "../../../Samples/MobileStarterContent/Content/MobileStarterContent/Shapes/Shape_Cube.uasset" to "F:/Unreal Projects/SpaceShooter/SpaceShooter/SpaceShooter/Content/MobileStarterContent/Shapes/Shape_Cube.uasset"
[2016.08.09-21.37.31:326][  0]LogPackFactory: Copied "../../../Samples/MobileStarterContent/Content/MobileStarterContent/Shapes/Shape_Cylinder.uasset" to "F:/Unreal Projects/SpaceShooter/SpaceShooter/SpaceShooter/Content/MobileStarterContent/Shapes/Shape_Cylinder.uasset"
[2016.08.09-21.37.31:350][  0]LogPackFactory: Copied "../../../Samples/MobileStarterContent/Content/MobileStarterContent/Shapes/Shape_NarrowCapsule.uasset" to "F:/Unreal Projects/SpaceShooter/SpaceShooter/SpaceShooter/Content/MobileStarterContent/Shapes/Shape_NarrowCapsule.uasset"
[2016.08.09-21.37.31:386][  0]LogPackFactory: Copied "../../../Samples/MobileStarterContent/Content/MobileStarterContent/Shapes/Shape_Pipe.uasset" to "F:/Unreal Projects/SpaceShooter/SpaceShooter/SpaceShooter/Content/MobileStarterContent/Shapes/Shape_Pipe.uasset"
[2016.08.09-21.37.31:398][  0]LogPackFactory: Copied "../../../Samples/MobileStarterContent/Content/MobileStarterContent/Shapes/Shape_Pipe_180.uasset" to "F:/Unreal Projects/SpaceShooter/SpaceShooter/SpaceShooter/Content/MobileStarterContent/Shapes/Shape_Pipe_180.uasset"
[2016.08.09-21.37.31:420][  0]LogPackFactory: Copied "../../../Samples/MobileStarterContent/Content/MobileStarterContent/Shapes/Shape_Pipe_90.uasset" to "F:/Unreal Projects/SpaceShooter/SpaceShooter/SpaceShooter/Content/MobileStarterContent/Shapes/Shape_Pipe_90.uasset"
[2016.08.09-21.37.31:443][  0]LogPackFactory: Copied "../../../Samples/MobileStarterContent/Content/MobileStarterContent/Shapes/Shape_Plane.uasset" to "F:/Unreal Projects/SpaceShooter/SpaceShooter/SpaceShooter/Content/MobileStarterContent/Shapes/Shape_Plane.uasset"
[2016.08.09-21.37.31:469][  0]LogPackFactory: Copied "../../../Samples/MobileStarterContent/Content/MobileStarterContent/Shapes/Shape_QuadPyramid.uasset" to "F:/Unreal Projects/SpaceShooter/SpaceShooter/SpaceShooter/Content/MobileStarterContent/Shapes/Shape_QuadPyramid.uasset"
[2016.08.09-21.37.31:501][  0]LogPackFactory: Copied "../../../Samples/MobileStarterContent/Content/MobileStarterContent/Shapes/Shape_Sphere.uasset" to "F:/Unreal Projects/SpaceShooter/SpaceShooter/SpaceShooter/Content/MobileStarterContent/Shapes/Shape_Sphere.uasset"
[2016.08.09-21.37.31:519][  0]LogPackFactory: Copied "../../../Samples/MobileStarterContent/Content/MobileStarterContent/Shapes/Shape_Torus.uasset" to "F:/Unreal Projects/SpaceShooter/SpaceShooter/SpaceShooter/Content/MobileStarterContent/Shapes/Shape_Torus.uasset"
[2016.08.09-21.37.31:524][  0]LogPackFactory: Copied "../../../Samples/MobileStarterContent/Content/MobileStarterContent/Shapes/Shape_Trim.uasset" to "F:/Unreal Projects/SpaceShooter/SpaceShooter/SpaceShooter/Content/MobileStarterContent/Shapes/Shape_Trim.uasset"
[2016.08.09-21.37.31:557][  0]LogPackFactory: Copied "../../../Samples/MobileStarterContent/Content/MobileStarterContent/Shapes/Shape_Trim_90_In.uasset" to "F:/Unreal Projects/SpaceShooter/SpaceShooter/SpaceShooter/Content/MobileStarterContent/Shapes/Shape_Trim_90_In.uasset"
[2016.08.09-21.37.31:572][  0]LogPackFactory: Copied "../../../Samples/MobileStarterContent/Content/MobileStarterContent/Shapes/Shape_Trim_90_Out.uasset" to "F:/Unreal Projects/SpaceShooter/SpaceShooter/SpaceShooter/Content/MobileStarterContent/Shapes/Shape_Trim_90_Out.uasset"
[2016.08.09-21.37.31:585][  0]LogPackFactory: Copied "../../../Samples/MobileStarterContent/Content/MobileStarterContent/Shapes/Shape_TriPyramid.uasset" to "F:/Unreal Projects/SpaceShooter/SpaceShooter/SpaceShooter/Content/MobileStarterContent/Shapes/Shape_TriPyramid.uasset"
[2016.08.09-21.37.31:604][  0]LogPackFactory: Copied "../../../Samples/MobileStarterContent/Content/MobileStarterContent/Shapes/Shape_Tube.uasset" to "F:/Unreal Projects/SpaceShooter/SpaceShooter/SpaceShooter/Content/MobileStarterContent/Shapes/Shape_Tube.uasset"
[2016.08.09-21.37.31:635][  0]LogPackFactory: Copied "../../../Samples/MobileStarterContent/Content/MobileStarterContent/Shapes/Shape_Wedge_A.uasset" to "F:/Unreal Projects/SpaceShooter/SpaceShooter/SpaceShooter/Content/MobileStarterContent/Shapes/Shape_Wedge_A.uasset"
[2016.08.09-21.37.31:640][  0]LogPackFactory: Copied "../../../Samples/MobileStarterContent/Content/MobileStarterContent/Shapes/Shape_Wedge_B.uasset" to "F:/Unreal Projects/SpaceShooter/SpaceShooter/SpaceShooter/Content/MobileStarterContent/Shapes/Shape_Wedge_B.uasset"
[2016.08.09-21.37.31:655][  0]LogPackFactory: Copied "../../../Samples/MobileStarterContent/Content/MobileStarterContent/Shapes/Shape_WideCapsule.uasset" to "F:/Unreal Projects/SpaceShooter/SpaceShooter/SpaceShooter/Content/MobileStarterContent/Shapes/Shape_WideCapsule.uasset"
[2016.08.09-21.37.31:727][  0]LogPackFactory: Copied "../../../Samples/MobileStarterContent/Content/MobileStarterContent/Textures/T_Brick_Clay_Beveled_D.uasset" to "F:/Unreal Projects/SpaceShooter/SpaceShooter/SpaceShooter/Content/MobileStarterContent/Textures/T_Brick_Clay_Beveled_D.uasset"
[2016.08.09-21.37.31:787][  0]LogPackFactory: Copied "../../../Samples/MobileStarterContent/Content/MobileStarterContent/Textures/T_Brick_Clay_Beveled_M.uasset" to "F:/Unreal Projects/SpaceShooter/SpaceShooter/SpaceShooter/Content/MobileStarterContent/Textures/T_Brick_Clay_Beveled_M.uasset"
[2016.08.09-21.37.31:851][  0]LogPackFactory: Copied "../../../Samples/MobileStarterContent/Content/MobileStarterContent/Textures/T_Brick_Clay_Beveled_N.uasset" to "F:/Unreal Projects/SpaceShooter/SpaceShooter/SpaceShooter/Content/MobileStarterContent/Textures/T_Brick_Clay_Beveled_N.uasset"
[2016.08.09-21.37.31:911][  0]LogPackFactory: Copied "../../../Samples/MobileStarterContent/Content/MobileStarterContent/Textures/T_Brick_Clay_New_D.uasset" to "F:/Unreal Projects/SpaceShooter/SpaceShooter/SpaceShooter/Content/MobileStarterContent/Textures/T_Brick_Clay_New_D.uasset"
[2016.08.09-21.37.31:970][  0]LogPackFactory: Copied "../../../Samples/MobileStarterContent/Content/MobileStarterContent/Textures/T_Brick_Clay_New_M.uasset" to "F:/Unreal Projects/SpaceShooter/SpaceShooter/SpaceShooter/Content/MobileStarterContent/Textures/T_Brick_Clay_New_M.uasset"
[2016.08.09-21.37.32:022][  0]LogPackFactory: Copied "../../../Samples/MobileStarterContent/Content/MobileStarterContent/Textures/T_Brick_Clay_New_N.uasset" to "F:/Unreal Projects/SpaceShooter/SpaceShooter/SpaceShooter/Content/MobileStarterContent/Textures/T_Brick_Clay_New_N.uasset"
[2016.08.09-21.37.32:139][  0]LogPackFactory: Copied "../../../Samples/MobileStarterContent/Content/MobileStarterContent/Textures/T_Brick_Clay_Old_D.uasset" to "F:/Unreal Projects/SpaceShooter/SpaceShooter/SpaceShooter/Content/MobileStarterContent/Textures/T_Brick_Clay_Old_D.uasset"
[2016.08.09-21.37.32:203][  0]LogPackFactory: Copied "../../../Samples/MobileStarterContent/Content/MobileStarterContent/Textures/T_Brick_Clay_Old_N.uasset" to "F:/Unreal Projects/SpaceShooter/SpaceShooter/SpaceShooter/Content/MobileStarterContent/Textures/T_Brick_Clay_Old_N.uasset"
[2016.08.09-21.37.32:298][  0]LogPackFactory: Copied "../../../Samples/MobileStarterContent/Content/MobileStarterContent/Textures/T_Brick_Cut_Stone_D.uasset" to "F:/Unreal Projects/SpaceShooter/SpaceShooter/SpaceShooter/Content/MobileStarterContent/Textures/T_Brick_Cut_Stone_D.uasset"
[2016.08.09-21.37.32:378][  0]LogPackFactory: Copied "../../../Samples/MobileStarterContent/Content/MobileStarterContent/Textures/T_Brick_Cut_Stone_N.uasset" to "F:/Unreal Projects/SpaceShooter/SpaceShooter/SpaceShooter/Content/MobileStarterContent/Textures/T_Brick_Cut_Stone_N.uasset"
[2016.08.09-21.37.32:424][  0]LogPackFactory: Copied "../../../Samples/MobileStarterContent/Content/MobileStarterContent/Textures/T_Brick_Hewn_Stone_D.uasset" to "F:/Unreal Projects/SpaceShooter/SpaceShooter/SpaceShooter/Content/MobileStarterContent/Textures/T_Brick_Hewn_Stone_D.uasset"
[2016.08.09-21.37.32:474][  0]LogPackFactory: Copied "../../../Samples/MobileStarterContent/Content/MobileStarterContent/Textures/T_Brick_Hewn_Stone_M.uasset" to "F:/Unreal Projects/SpaceShooter/SpaceShooter/SpaceShooter/Content/MobileStarterContent/Textures/T_Brick_Hewn_Stone_M.uasset"
[2016.08.09-21.37.32:536][  0]LogPackFactory: Copied "../../../Samples/MobileStarterContent/Content/MobileStarterContent/Textures/T_Brick_Hewn_Stone_N.uasset" to "F:/Unreal Projects/SpaceShooter/SpaceShooter/SpaceShooter/Content/MobileStarterContent/Textures/T_Brick_Hewn_Stone_N.uasset"
[2016.08.09-21.37.32:543][  0]LogPackFactory: Copied "../../../Samples/MobileStarterContent/Content/MobileStarterContent/Textures/T_Burst_M.uasset" to "F:/Unreal Projects/SpaceShooter/SpaceShooter/SpaceShooter/Content/MobileStarterContent/Textures/T_Burst_M.uasset"
[2016.08.09-21.37.32:561][  0]LogPackFactory: Copied "../../../Samples/MobileStarterContent/Content/MobileStarterContent/Textures/T_Bush_D.uasset" to "F:/Unreal Projects/SpaceShooter/SpaceShooter/SpaceShooter/Content/MobileStarterContent/Textures/T_Bush_D.uasset"
[2016.08.09-21.37.32:599][  0]LogPackFactory: Copied "../../../Samples/MobileStarterContent/Content/MobileStarterContent/Textures/T_Bush_N.uasset" to "F:/Unreal Projects/SpaceShooter/SpaceShooter/SpaceShooter/Content/MobileStarterContent/Textures/T_Bush_N.uasset"
[2016.08.09-21.37.32:628][  0]LogPackFactory: Copied "../../../Samples/MobileStarterContent/Content/MobileStarterContent/Textures/T_Ceramic_Tile_M.uasset" to "F:/Unreal Projects/SpaceShooter/SpaceShooter/SpaceShooter/Content/MobileStarterContent/Textures/T_Ceramic_Tile_M.uasset"
[2016.08.09-21.37.32:643][  0]LogPackFactory: Copied "../../../Samples/MobileStarterContent/Content/MobileStarterContent/Textures/T_Ceramic_Tile_N.uasset" to "F:/Unreal Projects/SpaceShooter/SpaceShooter/SpaceShooter/Content/MobileStarterContent/Textures/T_Ceramic_Tile_N.uasset"
[2016.08.09-21.37.32:662][  0]LogPackFactory: Copied "../../../Samples/MobileStarterContent/Content/MobileStarterContent/Textures/T_Chair_M.uasset" to "F:/Unreal Projects/SpaceShooter/SpaceShooter/SpaceShooter/Content/MobileStarterContent/Textures/T_Chair_M.uasset"
[2016.08.09-21.37.32:682][  0]LogPackFactory: Copied "../../../Samples/MobileStarterContent/Content/MobileStarterContent/Textures/T_Chair_N.uasset" to "F:/Unreal Projects/SpaceShooter/SpaceShooter/SpaceShooter/Content/MobileStarterContent/Textures/T_Chair_N.uasset"
[2016.08.09-21.37.32:723][  0]LogPackFactory: Copied "../../../Samples/MobileStarterContent/Content/MobileStarterContent/Textures/T_Checker_Noise_M.uasset" to "F:/Unreal Projects/SpaceShooter/SpaceShooter/SpaceShooter/Content/MobileStarterContent/Textures/T_Checker_Noise_M.uasset"
[2016.08.09-21.37.32:786][  0]LogPackFactory: Copied "../../../Samples/MobileStarterContent/Content/MobileStarterContent/Textures/T_CobbleStone_Pebble_D.uasset" to "F:/Unreal Projects/SpaceShooter/SpaceShooter/SpaceShooter/Content/MobileStarterContent/Textures/T_CobbleStone_Pebble_D.uasset"
[2016.08.09-21.37.32:813][  0]LogPackFactory: Copied "../../../Samples/MobileStarterContent/Content/MobileStarterContent/Textures/T_CobbleStone_Pebble_M.uasset" to "F:/Unreal Projects/SpaceShooter/SpaceShooter/SpaceShooter/Content/MobileStarterContent/Textures/T_CobbleStone_Pebble_M.uasset"
[2016.08.09-21.37.32:889][  0]LogPackFactory: Copied "../../../Samples/MobileStarterContent/Content/MobileStarterContent/Textures/T_CobbleStone_Pebble_N.uasset" to "F:/Unreal Projects/SpaceShooter/SpaceShooter/SpaceShooter/Content/MobileStarterContent/Textures/T_CobbleStone_Pebble_N.uasset"
[2016.08.09-21.37.32:949][  0]LogPackFactory: Copied "../../../Samples/MobileStarterContent/Content/MobileStarterContent/Textures/T_CobbleStone_Rough_D.uasset" to "F:/Unreal Projects/SpaceShooter/SpaceShooter/SpaceShooter/Content/MobileStarterContent/Textures/T_CobbleStone_Rough_D.uasset"
[2016.08.09-21.37.32:967][  0]LogPackFactory: Copied "../../../Samples/MobileStarterContent/Content/MobileStarterContent/Textures/T_CobbleStone_Rough_N.uasset" to "F:/Unreal Projects/SpaceShooter/SpaceShooter/SpaceShooter/Content/MobileStarterContent/Textures/T_CobbleStone_Rough_N.uasset"
[2016.08.09-21.37.33:029][  0]LogPackFactory: Copied "../../../Samples/MobileStarterContent/Content/MobileStarterContent/Textures/T_CobbleStone_Smooth_D.uasset" to "F:/Unreal Projects/SpaceShooter/SpaceShooter/SpaceShooter/Content/MobileStarterContent/Textures/T_CobbleStone_Smooth_D.uasset"
[2016.08.09-21.37.33:085][  0]LogPackFactory: Copied "../../../Samples/MobileStarterContent/Content/MobileStarterContent/Textures/T_CobbleStone_Smooth_M.uasset" to "F:/Unreal Projects/SpaceShooter/SpaceShooter/SpaceShooter/Content/MobileStarterContent/Textures/T_CobbleStone_Smooth_M.uasset"
[2016.08.09-21.37.33:156][  0]LogPackFactory: Copied "../../../Samples/MobileStarterContent/Content/MobileStarterContent/Textures/T_CobbleStone_Smooth_N.uasset" to "F:/Unreal Projects/SpaceShooter/SpaceShooter/SpaceShooter/Content/MobileStarterContent/Textures/T_CobbleStone_Smooth_N.uasset"
[2016.08.09-21.37.33:219][  0]LogPackFactory: Copied "../../../Samples/MobileStarterContent/Content/MobileStarterContent/Textures/T_Concrete_Grime_D.uasset" to "F:/Unreal Projects/SpaceShooter/SpaceShooter/SpaceShooter/Content/MobileStarterContent/Textures/T_Concrete_Grime_D.uasset"
[2016.08.09-21.37.33:290][  0]LogPackFactory: Copied "../../../Samples/MobileStarterContent/Content/MobileStarterContent/Textures/T_Concrete_Panels_D.uasset" to "F:/Unreal Projects/SpaceShooter/SpaceShooter/SpaceShooter/Content/MobileStarterContent/Textures/T_Concrete_Panels_D.uasset"
[2016.08.09-21.37.33:353][  0]LogPackFactory: Copied "../../../Samples/MobileStarterContent/Content/MobileStarterContent/Textures/T_Concrete_Panels_N.uasset" to "F:/Unreal Projects/SpaceShooter/SpaceShooter/SpaceShooter/Content/MobileStarterContent/Textures/T_Concrete_Panels_N.uasset"
[2016.08.09-21.37.33:423][  0]LogPackFactory: Copied "../../../Samples/MobileStarterContent/Content/MobileStarterContent/Textures/T_Concrete_Poured_D.uasset" to "F:/Unreal Projects/SpaceShooter/SpaceShooter/SpaceShooter/Content/MobileStarterContent/Textures/T_Concrete_Poured_D.uasset"
[2016.08.09-21.37.33:478][  0]LogPackFactory: Copied "../../../Samples/MobileStarterContent/Content/MobileStarterContent/Textures/T_Concrete_Poured_N.uasset" to "F:/Unreal Projects/SpaceShooter/SpaceShooter/SpaceShooter/Content/MobileStarterContent/Textures/T_Concrete_Poured_N.uasset"
[2016.08.09-21.37.33:534][  0]LogPackFactory: Copied "../../../Samples/MobileStarterContent/Content/MobileStarterContent/Textures/T_Concrete_Tiles_D.uasset" to "F:/Unreal Projects/SpaceShooter/SpaceShooter/SpaceShooter/Content/MobileStarterContent/Textures/T_Concrete_Tiles_D.uasset"
[2016.08.09-21.37.33:559][  0]LogPackFactory: Copied "../../../Samples/MobileStarterContent/Content/MobileStarterContent/Textures/T_Concrete_Tiles_M.uasset" to "F:/Unreal Projects/SpaceShooter/SpaceShooter/SpaceShooter/Content/MobileStarterContent/Textures/T_Concrete_Tiles_M.uasset"
[2016.08.09-21.37.33:617][  0]LogPackFactory: Copied "../../../Samples/MobileStarterContent/Content/MobileStarterContent/Textures/T_Concrete_Tiles_N.uasset" to "F:/Unreal Projects/SpaceShooter/SpaceShooter/SpaceShooter/Content/MobileStarterContent/Textures/T_Concrete_Tiles_N.uasset"
[2016.08.09-21.37.33:633][  0]LogPackFactory: Copied "../../../Samples/MobileStarterContent/Content/MobileStarterContent/Textures/T_Concrete_Tiles_Variation_M.uasset" to "F:/Unreal Projects/SpaceShooter/SpaceShooter/SpaceShooter/Content/MobileStarterContent/Textures/T_Concrete_Tiles_Variation_M.uasset"
[2016.08.09-21.37.33:684][  0]LogPackFactory: Copied "../../../Samples/MobileStarterContent/Content/MobileStarterContent/Textures/T_Detail_Rocky_N.uasset" to "F:/Unreal Projects/SpaceShooter/SpaceShooter/SpaceShooter/Content/MobileStarterContent/Textures/T_Detail_Rocky_N.uasset"
[2016.08.09-21.37.33:693][  0]LogPackFactory: Copied "../../../Samples/MobileStarterContent/Content/MobileStarterContent/Textures/T_Door_M.uasset" to "F:/Unreal Projects/SpaceShooter/SpaceShooter/SpaceShooter/Content/MobileStarterContent/Textures/T_Door_M.uasset"
[2016.08.09-21.37.33:734][  0]LogPackFactory: Copied "../../../Samples/MobileStarterContent/Content/MobileStarterContent/Textures/T_Door_N.uasset" to "F:/Unreal Projects/SpaceShooter/SpaceShooter/SpaceShooter/Content/MobileStarterContent/Textures/T_Door_N.uasset"
[2016.08.09-21.37.33:755][  0]LogPackFactory: Copied "../../../Samples/MobileStarterContent/Content/MobileStarterContent/Textures/T_Dust_Particle_D.uasset" to "F:/Unreal Projects/SpaceShooter/SpaceShooter/SpaceShooter/Content/MobileStarterContent/Textures/T_Dust_Particle_D.uasset"
[2016.08.09-21.37.33:798][  0]LogPackFactory: Copied "../../../Samples/MobileStarterContent/Content/MobileStarterContent/Textures/T_Explosion_SubUV.uasset" to "F:/Unreal Projects/SpaceShooter/SpaceShooter/SpaceShooter/Content/MobileStarterContent/Textures/T_Explosion_SubUV.uasset"
[2016.08.09-21.37.33:816][  0]LogPackFactory: Copied "../../../Samples/MobileStarterContent/Content/MobileStarterContent/Textures/T_Fire_SubUV.uasset" to "F:/Unreal Projects/SpaceShooter/SpaceShooter/SpaceShooter/Content/MobileStarterContent/Textures/T_Fire_SubUV.uasset"
[2016.08.09-21.37.33:851][  0]LogPackFactory: Copied "../../../Samples/MobileStarterContent/Content/MobileStarterContent/Textures/T_Fire_Tiled_D.uasset" to "F:/Unreal Projects/SpaceShooter/SpaceShooter/SpaceShooter/Content/MobileStarterContent/Textures/T_Fire_Tiled_D.uasset"
[2016.08.09-21.37.33:883][  0]LogPackFactory: Copied "../../../Samples/MobileStarterContent/Content/MobileStarterContent/Textures/T_Frame_M.uasset" to "F:/Unreal Projects/SpaceShooter/SpaceShooter/SpaceShooter/Content/MobileStarterContent/Textures/T_Frame_M.uasset"
[2016.08.09-21.37.33:905][  0]LogPackFactory: Copied "../../../Samples/MobileStarterContent/Content/MobileStarterContent/Textures/T_Frame_N.uasset" to "F:/Unreal Projects/SpaceShooter/SpaceShooter/SpaceShooter/Content/MobileStarterContent/Textures/T_Frame_N.uasset"
[2016.08.09-21.37.33:922][  0]LogPackFactory: Copied "../../../Samples/MobileStarterContent/Content/MobileStarterContent/Textures/T_Gradinet_01.uasset" to "F:/Unreal Projects/SpaceShooter/SpaceShooter/SpaceShooter/Content/MobileStarterContent/Textures/T_Gradinet_01.uasset"
[2016.08.09-21.37.33:988][  0]LogPackFactory: Copied "../../../Samples/MobileStarterContent/Content/MobileStarterContent/Textures/T_Ground_Grass_D.uasset" to "F:/Unreal Projects/SpaceShooter/SpaceShooter/SpaceShooter/Content/MobileStarterContent/Textures/T_Ground_Grass_D.uasset"
[2016.08.09-21.37.34:040][  0]LogPackFactory: Copied "../../../Samples/MobileStarterContent/Content/MobileStarterContent/Textures/T_Ground_Grass_N.uasset" to "F:/Unreal Projects/SpaceShooter/SpaceShooter/SpaceShooter/Content/MobileStarterContent/Textures/T_Ground_Grass_N.uasset"
[2016.08.09-21.37.34:081][  0]LogPackFactory: Copied "../../../Samples/MobileStarterContent/Content/MobileStarterContent/Textures/T_Ground_Gravel_D.uasset" to "F:/Unreal Projects/SpaceShooter/SpaceShooter/SpaceShooter/Content/MobileStarterContent/Textures/T_Ground_Gravel_D.uasset"
[2016.08.09-21.37.34:125][  0]LogPackFactory: Copied "../../../Samples/MobileStarterContent/Content/MobileStarterContent/Textures/T_Ground_Gravel_N.uasset" to "F:/Unreal Projects/SpaceShooter/SpaceShooter/SpaceShooter/Content/MobileStarterContent/Textures/T_Ground_Gravel_N.uasset"
[2016.08.09-21.37.34:190][  0]LogPackFactory: Copied "../../../Samples/MobileStarterContent/Content/MobileStarterContent/Textures/T_ground_Moss_D.uasset" to "F:/Unreal Projects/SpaceShooter/SpaceShooter/SpaceShooter/Content/MobileStarterContent/Textures/T_ground_Moss_D.uasset"
[2016.08.09-21.37.34:232][  0]LogPackFactory: Copied "../../../Samples/MobileStarterContent/Content/MobileStarterContent/Textures/T_Ground_Moss_N.uasset" to "F:/Unreal Projects/SpaceShooter/SpaceShooter/SpaceShooter/Content/MobileStarterContent/Textures/T_Ground_Moss_N.uasset"
[2016.08.09-21.37.34:251][  0]LogPackFactory: Copied "../../../Samples/MobileStarterContent/Content/MobileStarterContent/Textures/T_Lamp_M.uasset" to "F:/Unreal Projects/SpaceShooter/SpaceShooter/SpaceShooter/Content/MobileStarterContent/Textures/T_Lamp_M.uasset"
[2016.08.09-21.37.34:281][  0]LogPackFactory: Copied "../../../Samples/MobileStarterContent/Content/MobileStarterContent/Textures/T_Lamp_N.uasset" to "F:/Unreal Projects/SpaceShooter/SpaceShooter/SpaceShooter/Content/MobileStarterContent/Textures/T_Lamp_N.uasset"
[2016.08.09-21.37.34:339][  0]LogPackFactory: Copied "../../../Samples/MobileStarterContent/Content/MobileStarterContent/Textures/T_MacroVariation.uasset" to "F:/Unreal Projects/SpaceShooter/SpaceShooter/SpaceShooter/Content/MobileStarterContent/Textures/T_MacroVariation.uasset"
[2016.08.09-21.37.34:385][  0]LogPackFactory: Copied "../../../Samples/MobileStarterContent/Content/MobileStarterContent/Textures/T_Metal_Aluminum_D.uasset" to "F:/Unreal Projects/SpaceShooter/SpaceShooter/SpaceShooter/Content/MobileStarterContent/Textures/T_Metal_Aluminum_D.uasset"
[2016.08.09-21.37.34:443][  0]LogPackFactory: Copied "../../../Samples/MobileStarterContent/Content/MobileStarterContent/Textures/T_Metal_Copper_D.uasset" to "F:/Unreal Projects/SpaceShooter/SpaceShooter/SpaceShooter/Content/MobileStarterContent/Textures/T_Metal_Copper_D.uasset"
[2016.08.09-21.37.34:496][  0]LogPackFactory: Copied "../../../Samples/MobileStarterContent/Content/MobileStarterContent/Textures/T_Metal_Gold_D.uasset" to "F:/Unreal Projects/SpaceShooter/SpaceShooter/SpaceShooter/Content/MobileStarterContent/Textures/T_Metal_Gold_D.uasset"
[2016.08.09-21.37.34:534][  0]LogPackFactory: Copied "../../../Samples/MobileStarterContent/Content/MobileStarterContent/Textures/T_Metal_Gold_N.uasset" to "F:/Unreal Projects/SpaceShooter/SpaceShooter/SpaceShooter/Content/MobileStarterContent/Textures/T_Metal_Gold_N.uasset"
[2016.08.09-21.37.34:590][  0]LogPackFactory: Copied "../../../Samples/MobileStarterContent/Content/MobileStarterContent/Textures/T_Metal_Rust_D.uasset" to "F:/Unreal Projects/SpaceShooter/SpaceShooter/SpaceShooter/Content/MobileStarterContent/Textures/T_Metal_Rust_D.uasset"
[2016.08.09-21.37.34:634][  0]LogPackFactory: Copied "../../../Samples/MobileStarterContent/Content/MobileStarterContent/Textures/T_Metal_Rust_N.uasset" to "F:/Unreal Projects/SpaceShooter/SpaceShooter/SpaceShooter/Content/MobileStarterContent/Textures/T_Metal_Rust_N.uasset"
[2016.08.09-21.37.34:672][  0]LogPackFactory: Copied "../../../Samples/MobileStarterContent/Content/MobileStarterContent/Textures/T_Metal_Steel_D.uasset" to "F:/Unreal Projects/SpaceShooter/SpaceShooter/SpaceShooter/Content/MobileStarterContent/Textures/T_Metal_Steel_D.uasset"
[2016.08.09-21.37.34:732][  0]LogPackFactory: Copied "../../../Samples/MobileStarterContent/Content/MobileStarterContent/Textures/T_Metal_Steel_N.uasset" to "F:/Unreal Projects/SpaceShooter/SpaceShooter/SpaceShooter/Content/MobileStarterContent/Textures/T_Metal_Steel_N.uasset"
[2016.08.09-21.37.34:786][  0]LogPackFactory: Copied "../../../Samples/MobileStarterContent/Content/MobileStarterContent/Textures/T_Perlin_Noise_M.uasset" to "F:/Unreal Projects/SpaceShooter/SpaceShooter/SpaceShooter/Content/MobileStarterContent/Textures/T_Perlin_Noise_M.uasset"
[2016.08.09-21.37.34:846][  0]LogPackFactory: Copied "../../../Samples/MobileStarterContent/Content/MobileStarterContent/Textures/T_RockMesh_M.uasset" to "F:/Unreal Projects/SpaceShooter/SpaceShooter/SpaceShooter/Content/MobileStarterContent/Textures/T_RockMesh_M.uasset"
[2016.08.09-21.37.34:897][  0]LogPackFactory: Copied "../../../Samples/MobileStarterContent/Content/MobileStarterContent/Textures/T_RockMesh_N.uasset" to "F:/Unreal Projects/SpaceShooter/SpaceShooter/SpaceShooter/Content/MobileStarterContent/Textures/T_RockMesh_N.uasset"
[2016.08.09-21.37.34:955][  0]LogPackFactory: Copied "../../../Samples/MobileStarterContent/Content/MobileStarterContent/Textures/T_Rock_Basalt_D.uasset" to "F:/Unreal Projects/SpaceShooter/SpaceShooter/SpaceShooter/Content/MobileStarterContent/Textures/T_Rock_Basalt_D.uasset"
[2016.08.09-21.37.35:033][  0]LogPackFactory: Copied "../../../Samples/MobileStarterContent/Content/MobileStarterContent/Textures/T_Rock_Basalt_N.uasset" to "F:/Unreal Projects/SpaceShooter/SpaceShooter/SpaceShooter/Content/MobileStarterContent/Textures/T_Rock_Basalt_N.uasset"
[2016.08.09-21.37.35:092][  0]LogPackFactory: Copied "../../../Samples/MobileStarterContent/Content/MobileStarterContent/Textures/T_Rock_Marble_Polished_D.uasset" to "F:/Unreal Projects/SpaceShooter/SpaceShooter/SpaceShooter/Content/MobileStarterContent/Textures/T_Rock_Marble_Polished_D.uasset"
[2016.08.09-21.37.35:147][  0]LogPackFactory: Copied "../../../Samples/MobileStarterContent/Content/MobileStarterContent/Textures/T_Rock_Sandstone_D.uasset" to "F:/Unreal Projects/SpaceShooter/SpaceShooter/SpaceShooter/Content/MobileStarterContent/Textures/T_Rock_Sandstone_D.uasset"
[2016.08.09-21.37.35:189][  0]LogPackFactory: Copied "../../../Samples/MobileStarterContent/Content/MobileStarterContent/Textures/T_Rock_Sandstone_N.uasset" to "F:/Unreal Projects/SpaceShooter/SpaceShooter/SpaceShooter/Content/MobileStarterContent/Textures/T_Rock_Sandstone_N.uasset"
[2016.08.09-21.37.35:242][  0]LogPackFactory: Copied "../../../Samples/MobileStarterContent/Content/MobileStarterContent/Textures/T_Rock_Slate_D.uasset" to "F:/Unreal Projects/SpaceShooter/SpaceShooter/SpaceShooter/Content/MobileStarterContent/Textures/T_Rock_Slate_D.uasset"
[2016.08.09-21.37.35:286][  0]LogPackFactory: Copied "../../../Samples/MobileStarterContent/Content/MobileStarterContent/Textures/T_Rock_Slate_N.uasset" to "F:/Unreal Projects/SpaceShooter/SpaceShooter/SpaceShooter/Content/MobileStarterContent/Textures/T_Rock_Slate_N.uasset"
[2016.08.09-21.37.35:341][  0]LogPackFactory: Copied "../../../Samples/MobileStarterContent/Content/MobileStarterContent/Textures/T_Rock_Smooth_Granite_D.uasset" to "F:/Unreal Projects/SpaceShooter/SpaceShooter/SpaceShooter/Content/MobileStarterContent/Textures/T_Rock_Smooth_Granite_D.uasset"
[2016.08.09-21.37.35:369][  0]LogPackFactory: Copied "../../../Samples/MobileStarterContent/Content/MobileStarterContent/Textures/T_Shelf_M.uasset" to "F:/Unreal Projects/SpaceShooter/SpaceShooter/SpaceShooter/Content/MobileStarterContent/Textures/T_Shelf_M.uasset"
[2016.08.09-21.37.35:396][  0]LogPackFactory: Copied "../../../Samples/MobileStarterContent/Content/MobileStarterContent/Textures/T_Shelf_N.uasset" to "F:/Unreal Projects/SpaceShooter/SpaceShooter/SpaceShooter/Content/MobileStarterContent/Textures/T_Shelf_N.uasset"
[2016.08.09-21.37.35:409][  0]LogPackFactory: Copied "../../../Samples/MobileStarterContent/Content/MobileStarterContent/Textures/T_Single_Tile_N.uasset" to "F:/Unreal Projects/SpaceShooter/SpaceShooter/SpaceShooter/Content/MobileStarterContent/Textures/T_Single_Tile_N.uasset"
[2016.08.09-21.37.35:446][  0]LogPackFactory: Copied "../../../Samples/MobileStarterContent/Content/MobileStarterContent/Textures/T_Smoke_SubUV.uasset" to "F:/Unreal Projects/SpaceShooter/SpaceShooter/SpaceShooter/Content/MobileStarterContent/Textures/T_Smoke_SubUV.uasset"
[2016.08.09-21.37.35:480][  0]LogPackFactory: Copied "../../../Samples/MobileStarterContent/Content/MobileStarterContent/Textures/T_Smoke_Tiled_D.uasset" to "F:/Unreal Projects/SpaceShooter/SpaceShooter/SpaceShooter/Content/MobileStarterContent/Textures/T_Smoke_Tiled_D.uasset"
[2016.08.09-21.37.35:495][  0]LogPackFactory: Copied "../../../Samples/MobileStarterContent/Content/MobileStarterContent/Textures/T_Spark_Core.uasset" to "F:/Unreal Projects/SpaceShooter/SpaceShooter/SpaceShooter/Content/MobileStarterContent/Textures/T_Spark_Core.uasset"
[2016.08.09-21.37.35:519][  0]LogPackFactory: Copied "../../../Samples/MobileStarterContent/Content/MobileStarterContent/Textures/T_Statue_M.uasset" to "F:/Unreal Projects/SpaceShooter/SpaceShooter/SpaceShooter/Content/MobileStarterContent/Textures/T_Statue_M.uasset"
[2016.08.09-21.37.35:553][  0]LogPackFactory: Copied "../../../Samples/MobileStarterContent/Content/MobileStarterContent/Textures/T_Statue_N.uasset" to "F:/Unreal Projects/SpaceShooter/SpaceShooter/SpaceShooter/Content/MobileStarterContent/Textures/T_Statue_N.uasset"
[2016.08.09-21.37.35:586][  0]LogPackFactory: Copied "../../../Samples/MobileStarterContent/Content/MobileStarterContent/Textures/T_TableRound_M.uasset" to "F:/Unreal Projects/SpaceShooter/SpaceShooter/SpaceShooter/Content/MobileStarterContent/Textures/T_TableRound_M.uasset"
[2016.08.09-21.37.35:606][  0]LogPackFactory: Copied "../../../Samples/MobileStarterContent/Content/MobileStarterContent/Textures/T_TableRound_N.uasset" to "F:/Unreal Projects/SpaceShooter/SpaceShooter/SpaceShooter/Content/MobileStarterContent/Textures/T_TableRound_N.uasset"
[2016.08.09-21.37.35:619][  0]LogPackFactory: Copied "../../../Samples/MobileStarterContent/Content/MobileStarterContent/Textures/T_Tech_Dot_M.uasset" to "F:/Unreal Projects/SpaceShooter/SpaceShooter/SpaceShooter/Content/MobileStarterContent/Textures/T_Tech_Dot_M.uasset"
[2016.08.09-21.37.35:632][  0]LogPackFactory: Copied "../../../Samples/MobileStarterContent/Content/MobileStarterContent/Textures/T_Tech_Dot_N.uasset" to "F:/Unreal Projects/SpaceShooter/SpaceShooter/SpaceShooter/Content/MobileStarterContent/Textures/T_Tech_Dot_N.uasset"
[2016.08.09-21.37.35:679][  0]LogPackFactory: Copied "../../../Samples/MobileStarterContent/Content/MobileStarterContent/Textures/T_Tech_Hex_Tile_M.uasset" to "F:/Unreal Projects/SpaceShooter/SpaceShooter/SpaceShooter/Content/MobileStarterContent/Textures/T_Tech_Hex_Tile_M.uasset"
[2016.08.09-21.37.35:702][  0]LogPackFactory: Copied "../../../Samples/MobileStarterContent/Content/MobileStarterContent/Textures/T_Tech_Hex_Tile_N.uasset" to "F:/Unreal Projects/SpaceShooter/SpaceShooter/SpaceShooter/Content/MobileStarterContent/Textures/T_Tech_Hex_Tile_N.uasset"
[2016.08.09-21.37.35:725][  0]LogPackFactory: Copied "../../../Samples/MobileStarterContent/Content/MobileStarterContent/Textures/T_Tech_Panel_M.uasset" to "F:/Unreal Projects/SpaceShooter/SpaceShooter/SpaceShooter/Content/MobileStarterContent/Textures/T_Tech_Panel_M.uasset"
[2016.08.09-21.37.35:745][  0]LogPackFactory: Copied "../../../Samples/MobileStarterContent/Content/MobileStarterContent/Textures/T_Tech_Panel_N.uasset" to "F:/Unreal Projects/SpaceShooter/SpaceShooter/SpaceShooter/Content/MobileStarterContent/Textures/T_Tech_Panel_N.uasset"
[2016.08.09-21.37.35:779][  0]LogPackFactory: Copied "../../../Samples/MobileStarterContent/Content/MobileStarterContent/Textures/T_Water_M.uasset" to "F:/Unreal Projects/SpaceShooter/SpaceShooter/SpaceShooter/Content/MobileStarterContent/Textures/T_Water_M.uasset"
[2016.08.09-21.37.35:792][  0]LogPackFactory: Copied "../../../Samples/MobileStarterContent/Content/MobileStarterContent/Textures/T_Water_N.uasset" to "F:/Unreal Projects/SpaceShooter/SpaceShooter/SpaceShooter/Content/MobileStarterContent/Textures/T_Water_N.uasset"
[2016.08.09-21.37.35:813][  0]LogPackFactory: Copied "../../../Samples/MobileStarterContent/Content/MobileStarterContent/Textures/T_Wood_Floor_Walnut_D.uasset" to "F:/Unreal Projects/SpaceShooter/SpaceShooter/SpaceShooter/Content/MobileStarterContent/Textures/T_Wood_Floor_Walnut_D.uasset"
[2016.08.09-21.37.35:848][  0]LogPackFactory: Copied "../../../Samples/MobileStarterContent/Content/MobileStarterContent/Textures/T_Wood_Floor_Walnut_M.uasset" to "F:/Unreal Projects/SpaceShooter/SpaceShooter/SpaceShooter/Content/MobileStarterContent/Textures/T_Wood_Floor_Walnut_M.uasset"
[2016.08.09-21.37.35:908][  0]LogPackFactory: Copied "../../../Samples/MobileStarterContent/Content/MobileStarterContent/Textures/T_Wood_Floor_Walnut_N.uasset" to "F:/Unreal Projects/SpaceShooter/SpaceShooter/SpaceShooter/Content/MobileStarterContent/Textures/T_Wood_Floor_Walnut_N.uasset"
[2016.08.09-21.37.35:953][  0]LogPackFactory: Copied "../../../Samples/MobileStarterContent/Content/MobileStarterContent/Textures/T_Wood_Oak_D.uasset" to "F:/Unreal Projects/SpaceShooter/SpaceShooter/SpaceShooter/Content/MobileStarterContent/Textures/T_Wood_Oak_D.uasset"
[2016.08.09-21.37.35:992][  0]LogPackFactory: Copied "../../../Samples/MobileStarterContent/Content/MobileStarterContent/Textures/T_Wood_Oak_N.uasset" to "F:/Unreal Projects/SpaceShooter/SpaceShooter/SpaceShooter/Content/MobileStarterContent/Textures/T_Wood_Oak_N.uasset"
[2016.08.09-21.37.36:026][  0]LogPackFactory: Copied "../../../Samples/MobileStarterContent/Content/MobileStarterContent/Textures/T_Wood_Pine_D.uasset" to "F:/Unreal Projects/SpaceShooter/SpaceShooter/SpaceShooter/Content/MobileStarterContent/Textures/T_Wood_Pine_D.uasset"
[2016.08.09-21.37.36:078][  0]LogPackFactory: Copied "../../../Samples/MobileStarterContent/Content/MobileStarterContent/Textures/T_Wood_Pine_N.uasset" to "F:/Unreal Projects/SpaceShooter/SpaceShooter/SpaceShooter/Content/MobileStarterContent/Textures/T_Wood_Pine_N.uasset"
[2016.08.09-21.37.36:097][  0]LogPackFactory: Copied "../../../Samples/MobileStarterContent/Content/MobileStarterContent/Textures/T_Wood_Walnut_D.uasset" to "F:/Unreal Projects/SpaceShooter/SpaceShooter/SpaceShooter/Content/MobileStarterContent/Textures/T_Wood_Walnut_D.uasset"
[2016.08.09-21.37.36:136][  0]LogPackFactory: Copied "../../../Samples/MobileStarterContent/Content/MobileStarterContent/Textures/T_Wood_Walnut_N.uasset" to "F:/Unreal Projects/SpaceShooter/SpaceShooter/SpaceShooter/Content/MobileStarterContent/Textures/T_Wood_Walnut_N.uasset"
[2016.08.09-21.37.36:231][  0]LogRenderer: Reallocating scene render targets to support 256x256 (Frame:2).
[2016.08.09-21.37.36:303][  0]LogSavePackage: Save=12.40ms
[2016.08.09-21.37.36:303][  0]LogSavePackage: Moving 'F:/Unreal Projects/SpaceShooter/SpaceShooter/SpaceShooter/Saved/Floor_400x400206E1136479D6CCF70D36CA36EB1DE97.tmp' to 'F:/Unreal Projects/SpaceShooter/SpaceShooter/SpaceShooter/Content/MobileStarterContent/Architecture/Floor_400x400.uasset'
[2016.08.09-21.37.36:304][  0]LogSavePackage:Display: Finished SavePackage F:/Unreal Projects/SpaceShooter/SpaceShooter/SpaceShooter/Content/MobileStarterContent/Architecture/Floor_400x400.uasset
[2016.08.09-21.37.36:304][  0]LogFeaturePack:Warning: Inserted 1 feature packs
[2016.08.09-21.37.36:308][  0]Cmd: MAP LOAD FILE="F:/Unreal Projects/SpaceShooter/SpaceShooter/SpaceShooter/Content/TwinStickBP/Maps/TwinStickExampleMap.umap" TEMPLATE=0 SHOWPROGRESS=1 FEATURELEVEL=3
[2016.08.09-21.37.36:309][  0]LightingResults: New page: Lighting Build
[2016.08.09-21.37.36:309][  0]MapCheck: New page: Map Check
[2016.08.09-21.37.36:309][  0]LightingResults: New page: Lighting Build
[2016.08.09-21.37.36:934][  0]LogMaterial: Missing cached shader map for material CubeMaterial, compiling. 
[2016.08.09-21.37.37:124][  0]LogAIModule: Creating AISystem for world TwinStickExampleMap
[2016.08.09-21.37.37:177][  0]LogEditorServer: Finished looking for orphan Actors (0.000 secs)
[2016.08.09-21.37.37:177][  0]Cmd: MAP CHECKDEP NOCLEARLOG
[2016.08.09-21.37.37:215][  0]MapCheck: Info Map check complete: 0 Error(s), 0 Warning(s), took 37.724ms to complete.
[2016.08.09-21.37.37:215][  0]LogFileHelpers: Loading map 'TwinStickExampleMap' took 0.907
[2016.08.09-21.37.37:344][  0]LogCollectionManager: Loaded 0 collections in 0.001212 seconds
[2016.08.09-21.37.37:382][  0]LogFileCache: Scanning file cache for directory 'F:/Unreal Projects/SpaceShooter/SpaceShooter/SpaceShooter/Saved/Collections/' took 0.01s
[2016.08.09-21.37.37:382][  0]LogFileCache: Scanning file cache for directory 'F:/Unreal Projects/SpaceShooter/SpaceShooter/SpaceShooter/Content/Developers/Jason/Collections/' took 0.01s
[2016.08.09-21.37.37:382][  0]LogFileCache: Scanning file cache for directory 'F:/Unreal Projects/SpaceShooter/SpaceShooter/SpaceShooter/Content/Collections/' took 0.01s
[2016.08.09-21.37.37:382][  0]LogCollectionManager: Rebuilt the GUID cache for 0 collections in 0.000002 seconds
[2016.08.09-21.37.37:391][  0]LogContentBrowser: Native class hierarchy populated in 0.0086 seconds. Added 2047 classes and 369 folders.
[2016.08.09-21.37.37:393][  0]LogStats: UGameplayTagsManager::ConstructGameplayTagTree: Construct from data asset -  0.000 s
[2016.08.09-21.37.37:393][  0]LogStats: UGameplayTagsManager::ConstructGameplayTagTree: GameplayTagTreeChangedEvent.Broadcast -  0.000 s
[2016.08.09-21.37.37:394][  0]LogContentBrowser: Native class hierarchy updated for 'GameplayTags' in 0.0003 seconds. Added 12 classes and 0 folders.
[2016.08.09-21.37.37:396][  0]LogContentBrowser: Native class hierarchy updated for 'WidgetCarousel' in 0.0003 seconds. Added 0 classes and 0 folders.
[2016.08.09-21.37.37:455][  0]LogContentBrowser: Native class hierarchy updated for 'AddContentDialog' in 0.0012 seconds. Added 0 classes and 0 folders.
[2016.08.09-21.37.37:458][  0]LogContentBrowser: Native class hierarchy updated for 'SceneOutliner' in 0.0004 seconds. Added 1 classes and 2 folders.
[2016.08.09-21.37.37:470][  0]LogCrashTracker: Crashtracker disabled due to settings.
[2016.08.09-21.37.37:517][  0]LogContentBrowser: Native class hierarchy updated for 'Hierarchical